<?xml version="1.0" encoding="UTF-8"?>
<!-- Generated by org.testng.reporters.JUnitXMLReporter -->
<testsuite ignored="0" hostname="DESKTOP-LJ905HE" failures="2" tests="4" name="Default test" time="14.562" errors="0" timestamp="2026-08-09T17:06:26 MST">
  <testcase classname="io.cucumber.testng.AbstractTestNGCucumberTests" name="runScenario" time="12.424"/>
  <testcase classname="io.cucumber.testng.AbstractTestNGCucumberTests" name="runScenario" time="13.19"/>
  <testcase classname="io.cucumber.testng.AbstractTestNGCucumberTests" name="runScenario" time="13.887">
    <failure type="java.lang.AssertionError" message="Expected First button to be enabled after clicking Previous. expected [true] but found [false]">
      <![CDATA[java.lang.AssertionError: Expected First button to be enabled after clicking Previous. expected [true] but found [false]
at org.testng.Assert.fail(Assert.java:111)
at org.testng.Assert.failNotEquals(Assert.java:1590)
at org.testng.Assert.assertTrue(Assert.java:57)
at stepDefinitions.ProgramStepDef.adminShouldSeeResults_program(ProgramStepDef.java:403)
at ✽.Admin should see the first button enabled on the data table(file:///C:/Users/gaurav.saini/git/Team02_SeleniumNinjas/src/test/resources/features/03_02_AddNewProgram.feature:118)
]]>
    </failure>
  </testcase> <!-- runScenario -->
  <testcase classname="io.cucumber.testng.AbstractTestNGCucumberTests" name="runScenario" time="14.066">
    <failure type="java.lang.AssertionError" message="Expected Previous button to be enabled after clicking Next. expected [true] but found [false]">
      <![CDATA[java.lang.AssertionError: Expected Previous button to be enabled after clicking Next. expected [true] but found [false]
at org.testng.Assert.fail(Assert.java:111)
at org.testng.Assert.failNotEquals(Assert.java:1590)
at org.testng.Assert.assertTrue(Assert.java:57)
at stepDefinitions.ProgramStepDef.adminShouldSeeResults_program(ProgramStepDef.java:389)
at ✽.Admin should see the previous button enabled on the data table(file:///C:/Users/gaurav.saini/git/Team02_SeleniumNinjas/src/test/resources/features/03_02_AddNewProgram.feature:118)
]]>
    </failure>
  </testcase> <!-- runScenario -->
</testsuite> <!-- Default test -->
