<?xml version="1.0" encoding="UTF-8"?>
<!-- Generated by org.testng.reporters.JUnitXMLReporter -->
<testsuite ignored="0" hostname="DESKTOP-LJ905HE" failures="1" tests="1" name="Default test" time="10.479" errors="0" timestamp="2026-08-07T16:38:11 MST">
  <testcase classname="io.cucumber.testng.AbstractTestNGCucumberTests" name="runScenario" time="9.967">
    <failure type="java.lang.AssertionError" message="Lists differ at element [0]: Program Name  != Program Name expected [Program Name ] but found [Program Name]">
      <![CDATA[java.lang.AssertionError: Lists differ at element [0]: Program Name  != Program Name expected [Program Name ] but found [Program Name]
at org.testng.Assert.fail(Assert.java:111)
at org.testng.Assert.failNotEquals(Assert.java:1590)
at org.testng.Assert.assertEqualsImpl(Assert.java:150)
at org.testng.Assert.assertEquals(Assert.java:1656)
at org.testng.Assert.assertEquals(Assert.java:1618)
at stepDefinitions.ProgramStepDef.admin_should_see_data_table_with_column_header_on_the_manage_program_page_as_program_name_program_description_program_status_edit_delete(ProgramStepDef.java:97)
at ✽.Admin should see data table with column header on the Manage Program Page as Program Name, Program Description, Program Status, Edit/Delete(file:///C:/Users/gaurav.saini/git/Team02_SeleniumNinjas/src/test/resources/features/program.feature:13)
]]>
    </failure>
  </testcase> <!-- runScenario -->
</testsuite> <!-- Default test -->
