<?xml version="1.0" encoding="UTF-8"?>
<testng-results ignored="0" total="57" passed="0" failed="57" skipped="0">
  <reporter-output>
  </reporter-output>
  <suite started-at="2026-08-06T13:47:47 MST" name="Default suite" finished-at="2026-08-06T13:48:09 MST" duration-ms="21657">
    <groups>
      <group name="cucumber">
        <method signature="AbstractTestNGCucumberTests.runScenario(io.cucumber.testng.PickleWrapper,io.cucumber.testng.FeatureWrapper)[pri:0, instance:runners.TestRunner@62ea3440]" name="runScenario" class="io.cucumber.testng.AbstractTestNGCucumberTests"/>
      </group> <!-- cucumber -->
    </groups>
    <test started-at="2026-08-06T13:47:47 MST" name="Default test" finished-at="2026-08-06T13:48:09 MST" duration-ms="21657">
      <class name="runners.TestRunner">
        <test-method is-config="true" signature="setUpClass(org.testng.ITestContext)[pri:0, instance:runners.TestRunner@62ea3440]" started-at="2026-08-06T13:47:47 MST" name="setUpClass" finished-at="2026-08-06T13:47:48 MST" duration-ms="378" status="PASS">
          <params>
            <param index="0">
              <value>
                <![CDATA[org.testng.TestRunner@7aead3af]]>
              </value>
            </param>
          </params>
          <reporter-output>
          </reporter-output>
        </test-method> <!-- setUpClass -->
        <test-method signature="runScenario(io.cucumber.testng.PickleWrapper,io.cucumber.testng.FeatureWrapper)[pri:0, instance:runners.TestRunner@62ea3440]" started-at="2026-08-06T13:47:48 MST" name="runScenario" description="Runs Cucumber Scenarios" data-provider="scenarios" finished-at="2026-08-06T13:47:53 MST" duration-ms="4968" status="FAIL">
          <params>
            <param index="0">
              <value>
                <![CDATA["Program page navigation"]]>
              </value>
            </param>
            <param index="1">
              <value>
                <![CDATA["Program Module"]]>
              </value>
            </param>
          </params>
          <exception class="io.cucumber.java.PendingException">
            <message>
              <![CDATA[TODO: implement me]]>
            </message>
            <full-stacktrace>
              <![CDATA[io.cucumber.java.PendingException: TODO: implement me
at stepDefinitions.ProgramStepDef.admin_is_on_home_page_after_login(ProgramStepDef.java:29)
at ✽.Admin is on home page after Login(file:///C:/Users/gaurav.saini/git/Team02_SeleniumNinjas/src/test/resources/features/program.feature:7)
]]>
            </full-stacktrace>
          </exception> <!-- io.cucumber.java.PendingException -->
          <reporter-output>
          </reporter-output>
        </test-method> <!-- runScenario -->
        <test-method signature="runScenario(io.cucumber.testng.PickleWrapper,io.cucumber.testng.FeatureWrapper)[pri:0, instance:runners.TestRunner@62ea3440]" started-at="2026-08-06T13:47:48 MST" name="runScenario" description="Runs Cucumber Scenarios" data-provider="scenarios" finished-at="2026-08-06T13:47:52 MST" duration-ms="4738" status="FAIL">
          <params>
            <param index="0">
              <value>
                <![CDATA["Column header name of data table"]]>
              </value>
            </param>
            <param index="1">
              <value>
                <![CDATA["Program Module"]]>
              </value>
            </param>
          </params>
          <exception class="io.cucumber.java.PendingException">
            <message>
              <![CDATA[TODO: implement me]]>
            </message>
            <full-stacktrace>
              <![CDATA[io.cucumber.java.PendingException: TODO: implement me
at stepDefinitions.ProgramStepDef.admin_is_on_home_page_after_login(ProgramStepDef.java:29)
at ✽.Admin is on home page after Login(file:///C:/Users/gaurav.saini/git/Team02_SeleniumNinjas/src/test/resources/features/program.feature:42)
]]>
            </full-stacktrace>
          </exception> <!-- io.cucumber.java.PendingException -->
          <reporter-output>
          </reporter-output>
        </test-method> <!-- runScenario -->
        <test-method signature="runScenario(io.cucumber.testng.PickleWrapper,io.cucumber.testng.FeatureWrapper)[pri:0, instance:runners.TestRunner@62ea3440]" started-at="2026-08-06T13:47:48 MST" name="runScenario" description="Runs Cucumber Scenarios" data-provider="scenarios" finished-at="2026-08-06T13:47:52 MST" duration-ms="4630" status="FAIL">
          <params>
            <param index="0">
              <value>
                <![CDATA["Manage program heading alignment"]]>
              </value>
            </param>
            <param index="1">
              <value>
                <![CDATA["Program Module"]]>
              </value>
            </param>
          </params>
          <exception class="io.cucumber.java.PendingException">
            <message>
              <![CDATA[TODO: implement me]]>
            </message>
            <full-stacktrace>
              <![CDATA[io.cucumber.java.PendingException: TODO: implement me
at stepDefinitions.ProgramStepDef.admin_is_on_home_page_after_login(ProgramStepDef.java:29)
at ✽.Admin is on home page after Login(file:///C:/Users/gaurav.saini/git/Team02_SeleniumNinjas/src/test/resources/features/program.feature:22)
]]>
            </full-stacktrace>
          </exception> <!-- io.cucumber.java.PendingException -->
          <reporter-output>
          </reporter-output>
        </test-method> <!-- runScenario -->
        <test-method signature="runScenario(io.cucumber.testng.PickleWrapper,io.cucumber.testng.FeatureWrapper)[pri:0, instance:runners.TestRunner@62ea3440]" started-at="2026-08-06T13:47:48 MST" name="runScenario" description="Runs Cucumber Scenarios" data-provider="scenarios" finished-at="2026-08-06T13:47:52 MST" duration-ms="4470" status="FAIL">
          <params>
            <param index="0">
              <value>
                <![CDATA["Search box is displayed"]]>
              </value>
            </param>
            <param index="1">
              <value>
                <![CDATA["Program Module"]]>
              </value>
            </param>
          </params>
          <exception class="io.cucumber.java.PendingException">
            <message>
              <![CDATA[TODO: implement me]]>
            </message>
            <full-stacktrace>
              <![CDATA[io.cucumber.java.PendingException: TODO: implement me
at stepDefinitions.ProgramStepDef.admin_is_on_home_page_after_login(ProgramStepDef.java:29)
at ✽.Admin is on home page after Login(file:///C:/Users/gaurav.saini/git/Team02_SeleniumNinjas/src/test/resources/features/program.feature:32)
]]>
            </full-stacktrace>
          </exception> <!-- io.cucumber.java.PendingException -->
          <reporter-output>
          </reporter-output>
        </test-method> <!-- runScenario -->
        <test-method signature="runScenario(io.cucumber.testng.PickleWrapper,io.cucumber.testng.FeatureWrapper)[pri:0, instance:runners.TestRunner@62ea3440]" started-at="2026-08-06T13:47:48 MST" name="runScenario" description="Runs Cucumber Scenarios" data-provider="scenarios" finished-at="2026-08-06T13:47:53 MST" duration-ms="5230" status="FAIL">
          <params>
            <param index="0">
              <value>
                <![CDATA["Search placeholder presence"]]>
              </value>
            </param>
            <param index="1">
              <value>
                <![CDATA["Program Module"]]>
              </value>
            </param>
          </params>
          <exception class="io.cucumber.java.PendingException">
            <message>
              <![CDATA[TODO: implement me]]>
            </message>
            <full-stacktrace>
              <![CDATA[io.cucumber.java.PendingException: TODO: implement me
at stepDefinitions.ProgramStepDef.admin_is_on_home_page_after_login(ProgramStepDef.java:29)
at ✽.Admin is on home page after Login(file:///C:/Users/gaurav.saini/git/Team02_SeleniumNinjas/src/test/resources/features/program.feature:37)
]]>
            </full-stacktrace>
          </exception> <!-- io.cucumber.java.PendingException -->
          <reporter-output>
          </reporter-output>
        </test-method> <!-- runScenario -->
        <test-method signature="runScenario(io.cucumber.testng.PickleWrapper,io.cucumber.testng.FeatureWrapper)[pri:0, instance:runners.TestRunner@62ea3440]" started-at="2026-08-06T13:47:48 MST" name="runScenario" description="Runs Cucumber Scenarios" data-provider="scenarios" finished-at="2026-08-06T13:47:52 MST" duration-ms="4506" status="FAIL">
          <params>
            <param index="0">
              <value>
                <![CDATA["Multiple Delete button state"]]>
              </value>
            </param>
            <param index="1">
              <value>
                <![CDATA["Program Module"]]>
              </value>
            </param>
          </params>
          <exception class="io.cucumber.java.PendingException">
            <message>
              <![CDATA[TODO: implement me]]>
            </message>
            <full-stacktrace>
              <![CDATA[io.cucumber.java.PendingException: TODO: implement me
at stepDefinitions.ProgramStepDef.admin_is_on_home_page_after_login(ProgramStepDef.java:29)
at ✽.Admin is on home page after Login(file:///C:/Users/gaurav.saini/git/Team02_SeleniumNinjas/src/test/resources/features/program.feature:27)
]]>
            </full-stacktrace>
          </exception> <!-- io.cucumber.java.PendingException -->
          <reporter-output>
          </reporter-output>
        </test-method> <!-- runScenario -->
        <test-method signature="runScenario(io.cucumber.testng.PickleWrapper,io.cucumber.testng.FeatureWrapper)[pri:0, instance:runners.TestRunner@62ea3440]" started-at="2026-08-06T13:47:48 MST" name="runScenario" description="Runs Cucumber Scenarios" data-provider="scenarios" finished-at="2026-08-06T13:47:53 MST" duration-ms="4943" status="FAIL">
          <params>
            <param index="0">
              <value>
                <![CDATA["Manage program heading presence"]]>
              </value>
            </param>
            <param index="1">
              <value>
                <![CDATA["Program Module"]]>
              </value>
            </param>
          </params>
          <exception class="io.cucumber.java.PendingException">
            <message>
              <![CDATA[TODO: implement me]]>
            </message>
            <full-stacktrace>
              <![CDATA[io.cucumber.java.PendingException: TODO: implement me
at stepDefinitions.ProgramStepDef.admin_is_on_home_page_after_login(ProgramStepDef.java:29)
at ✽.Admin is on home page after Login(file:///C:/Users/gaurav.saini/git/Team02_SeleniumNinjas/src/test/resources/features/program.feature:17)
]]>
            </full-stacktrace>
          </exception> <!-- io.cucumber.java.PendingException -->
          <reporter-output>
          </reporter-output>
        </test-method> <!-- runScenario -->
        <test-method signature="runScenario(io.cucumber.testng.PickleWrapper,io.cucumber.testng.FeatureWrapper)[pri:0, instance:runners.TestRunner@62ea3440]" started-at="2026-08-06T13:47:48 MST" name="runScenario" description="Runs Cucumber Scenarios" data-provider="scenarios" finished-at="2026-08-06T13:47:53 MST" duration-ms="5181" status="FAIL">
          <params>
            <param index="0">
              <value>
                <![CDATA["Program-Sub menu displayed"]]>
              </value>
            </param>
            <param index="1">
              <value>
                <![CDATA["Program Module"]]>
              </value>
            </param>
          </params>
          <exception class="io.cucumber.java.PendingException">
            <message>
              <![CDATA[TODO: implement me]]>
            </message>
            <full-stacktrace>
              <![CDATA[io.cucumber.java.PendingException: TODO: implement me
at stepDefinitions.ProgramStepDef.admin_is_on_home_page_after_login(ProgramStepDef.java:29)
at ✽.Admin is on home page after Login(file:///C:/Users/gaurav.saini/git/Team02_SeleniumNinjas/src/test/resources/features/program.feature:12)
]]>
            </full-stacktrace>
          </exception> <!-- io.cucumber.java.PendingException -->
          <reporter-output>
          </reporter-output>
        </test-method> <!-- runScenario -->
        <test-method signature="runScenario(io.cucumber.testng.PickleWrapper,io.cucumber.testng.FeatureWrapper)[pri:0, instance:runners.TestRunner@62ea3440]" started-at="2026-08-06T13:47:48 MST" name="runScenario" description="Runs Cucumber Scenarios" data-provider="scenarios" finished-at="2026-08-06T13:47:52 MST" duration-ms="4568" status="FAIL">
          <params>
            <param index="0">
              <value>
                <![CDATA["Checkbox default state - datatable each rows"]]>
              </value>
            </param>
            <param index="1">
              <value>
                <![CDATA["Program Module"]]>
              </value>
            </param>
          </params>
          <exception class="io.cucumber.java.PendingException">
            <message>
              <![CDATA[TODO: implement me]]>
            </message>
            <full-stacktrace>
              <![CDATA[io.cucumber.java.PendingException: TODO: implement me
at stepDefinitions.ProgramStepDef.admin_is_on_home_page_after_login(ProgramStepDef.java:29)
at ✽.Admin is on home page after Login(file:///C:/Users/gaurav.saini/git/Team02_SeleniumNinjas/src/test/resources/features/program.feature:52)
]]>
            </full-stacktrace>
          </exception> <!-- io.cucumber.java.PendingException -->
          <reporter-output>
          </reporter-output>
        </test-method> <!-- runScenario -->
        <test-method signature="runScenario(io.cucumber.testng.PickleWrapper,io.cucumber.testng.FeatureWrapper)[pri:0, instance:runners.TestRunner@62ea3440]" started-at="2026-08-06T13:47:48 MST" name="runScenario" description="Runs Cucumber Scenarios" data-provider="scenarios" finished-at="2026-08-06T13:47:52 MST" duration-ms="4676" status="FAIL">
          <params>
            <param index="0">
              <value>
                <![CDATA["Checkbox default state - header"]]>
              </value>
            </param>
            <param index="1">
              <value>
                <![CDATA["Program Module"]]>
              </value>
            </param>
          </params>
          <exception class="io.cucumber.java.PendingException">
            <message>
              <![CDATA[TODO: implement me]]>
            </message>
            <full-stacktrace>
              <![CDATA[io.cucumber.java.PendingException: TODO: implement me
at stepDefinitions.ProgramStepDef.admin_is_on_home_page_after_login(ProgramStepDef.java:29)
at ✽.Admin is on home page after Login(file:///C:/Users/gaurav.saini/git/Team02_SeleniumNinjas/src/test/resources/features/program.feature:47)
]]>
            </full-stacktrace>
          </exception> <!-- io.cucumber.java.PendingException -->
          <reporter-output>
          </reporter-output>
        </test-method> <!-- runScenario -->
        <test-method signature="runScenario(io.cucumber.testng.PickleWrapper,io.cucumber.testng.FeatureWrapper)[pri:0, instance:runners.TestRunner@62ea3440]" started-at="2026-08-06T13:47:52 MST" name="runScenario" description="Runs Cucumber Scenarios" data-provider="scenarios" finished-at="2026-08-06T13:47:55 MST" duration-ms="3055" status="FAIL">
          <params>
            <param index="0">
              <value>
                <![CDATA["Sort icon presence"]]>
              </value>
            </param>
            <param index="1">
              <value>
                <![CDATA["Program Module"]]>
              </value>
            </param>
          </params>
          <exception class="io.cucumber.java.PendingException">
            <message>
              <![CDATA[TODO: implement me]]>
            </message>
            <full-stacktrace>
              <![CDATA[io.cucumber.java.PendingException: TODO: implement me
at stepDefinitions.ProgramStepDef.admin_is_on_home_page_after_login(ProgramStepDef.java:29)
at ✽.Admin is on home page after Login(file:///C:/Users/gaurav.saini/git/Team02_SeleniumNinjas/src/test/resources/features/program.feature:57)
]]>
            </full-stacktrace>
          </exception> <!-- io.cucumber.java.PendingException -->
          <reporter-output>
          </reporter-output>
        </test-method> <!-- runScenario -->
        <test-method signature="runScenario(io.cucumber.testng.PickleWrapper,io.cucumber.testng.FeatureWrapper)[pri:0, instance:runners.TestRunner@62ea3440]" started-at="2026-08-06T13:47:52 MST" name="runScenario" description="Runs Cucumber Scenarios" data-provider="scenarios" finished-at="2026-08-06T13:47:55 MST" duration-ms="2942" status="FAIL">
          <params>
            <param index="0">
              <value>
                <![CDATA["Edit and delete icon presence"]]>
              </value>
            </param>
            <param index="1">
              <value>
                <![CDATA["Program Module"]]>
              </value>
            </param>
          </params>
          <exception class="io.cucumber.java.PendingException">
            <message>
              <![CDATA[TODO: implement me]]>
            </message>
            <full-stacktrace>
              <![CDATA[io.cucumber.java.PendingException: TODO: implement me
at stepDefinitions.ProgramStepDef.admin_is_on_home_page_after_login(ProgramStepDef.java:29)
at ✽.Admin is on home page after Login(file:///C:/Users/gaurav.saini/git/Team02_SeleniumNinjas/src/test/resources/features/program.feature:62)
]]>
            </full-stacktrace>
          </exception> <!-- io.cucumber.java.PendingException -->
          <reporter-output>
          </reporter-output>
        </test-method> <!-- runScenario -->
        <test-method signature="runScenario(io.cucumber.testng.PickleWrapper,io.cucumber.testng.FeatureWrapper)[pri:0, instance:runners.TestRunner@62ea3440]" started-at="2026-08-06T13:47:52 MST" name="runScenario" description="Runs Cucumber Scenarios" data-provider="scenarios" finished-at="2026-08-06T13:47:55 MST" duration-ms="3032" status="FAIL">
          <params>
            <param index="0">
              <value>
                <![CDATA["Pagination controls are displayed"]]>
              </value>
            </param>
            <param index="1">
              <value>
                <![CDATA["Program Module"]]>
              </value>
            </param>
          </params>
          <exception class="io.cucumber.java.PendingException">
            <message>
              <![CDATA[TODO: implement me]]>
            </message>
            <full-stacktrace>
              <![CDATA[io.cucumber.java.PendingException: TODO: implement me
at stepDefinitions.ProgramStepDef.admin_is_on_home_page_after_login(ProgramStepDef.java:29)
at ✽.Admin is on home page after Login(file:///C:/Users/gaurav.saini/git/Team02_SeleniumNinjas/src/test/resources/features/program.feature:67)
]]>
            </full-stacktrace>
          </exception> <!-- io.cucumber.java.PendingException -->
          <reporter-output>
          </reporter-output>
        </test-method> <!-- runScenario -->
        <test-method signature="runScenario(io.cucumber.testng.PickleWrapper,io.cucumber.testng.FeatureWrapper)[pri:0, instance:runners.TestRunner@62ea3440]" started-at="2026-08-06T13:47:52 MST" name="runScenario" description="Runs Cucumber Scenarios" data-provider="scenarios" finished-at="2026-08-06T13:47:56 MST" duration-ms="3244" status="FAIL">
          <params>
            <param index="0">
              <value>
                <![CDATA["Footer message is displayed"]]>
              </value>
            </param>
            <param index="1">
              <value>
                <![CDATA["Program Module"]]>
              </value>
            </param>
          </params>
          <exception class="io.cucumber.java.PendingException">
            <message>
              <![CDATA[TODO: implement me]]>
            </message>
            <full-stacktrace>
              <![CDATA[io.cucumber.java.PendingException: TODO: implement me
at stepDefinitions.ProgramStepDef.admin_is_on_home_page_after_login(ProgramStepDef.java:29)
at ✽.Admin is on home page after Login(file:///C:/Users/gaurav.saini/git/Team02_SeleniumNinjas/src/test/resources/features/program.feature:75)
]]>
            </full-stacktrace>
          </exception> <!-- io.cucumber.java.PendingException -->
          <reporter-output>
          </reporter-output>
        </test-method> <!-- runScenario -->
        <test-method signature="runScenario(io.cucumber.testng.PickleWrapper,io.cucumber.testng.FeatureWrapper)[pri:0, instance:runners.TestRunner@62ea3440]" started-at="2026-08-06T13:47:52 MST" name="runScenario" description="Runs Cucumber Scenarios" data-provider="scenarios" finished-at="2026-08-06T13:47:56 MST" duration-ms="3272" status="FAIL">
          <params>
            <param index="0">
              <value>
                <![CDATA["Add New Program dialog is displayed"]]>
              </value>
            </param>
            <param index="1">
              <value>
                <![CDATA["Program Module"]]>
              </value>
            </param>
          </params>
          <exception class="io.cucumber.java.PendingException">
            <message>
              <![CDATA[TODO: implement me]]>
            </message>
            <full-stacktrace>
              <![CDATA[io.cucumber.java.PendingException: TODO: implement me
at stepDefinitions.ProgramStepDef.admin_is_on_program_page(ProgramStepDef.java:148)
at ✽.Admin is on Program page(file:///C:/Users/gaurav.saini/git/Team02_SeleniumNinjas/src/test/resources/features/program.feature:83)
]]>
            </full-stacktrace>
          </exception> <!-- io.cucumber.java.PendingException -->
          <reporter-output>
          </reporter-output>
        </test-method> <!-- runScenario -->
        <test-method signature="runScenario(io.cucumber.testng.PickleWrapper,io.cucumber.testng.FeatureWrapper)[pri:0, instance:runners.TestRunner@62ea3440]" started-at="2026-08-06T13:47:52 MST" name="runScenario" description="Runs Cucumber Scenarios" data-provider="scenarios" finished-at="2026-08-06T13:47:56 MST" duration-ms="3507" status="FAIL">
          <params>
            <param index="0">
              <value>
                <![CDATA["Program Details dialog title"]]>
              </value>
            </param>
            <param index="1">
              <value>
                <![CDATA["Program Module"]]>
              </value>
            </param>
          </params>
          <exception class="io.cucumber.java.PendingException">
            <message>
              <![CDATA[TODO: implement me]]>
            </message>
            <full-stacktrace>
              <![CDATA[io.cucumber.java.PendingException: TODO: implement me
at stepDefinitions.ProgramStepDef.admin_is_on_program_page(ProgramStepDef.java:148)
at ✽.Admin is on Program page(file:///C:/Users/gaurav.saini/git/Team02_SeleniumNinjas/src/test/resources/features/program.feature:88)
]]>
            </full-stacktrace>
          </exception> <!-- io.cucumber.java.PendingException -->
          <reporter-output>
          </reporter-output>
        </test-method> <!-- runScenario -->
        <test-method signature="runScenario(io.cucumber.testng.PickleWrapper,io.cucumber.testng.FeatureWrapper)[pri:0, instance:runners.TestRunner@62ea3440]" started-at="2026-08-06T13:47:53 MST" name="runScenario" description="Runs Cucumber Scenarios" data-provider="scenarios" finished-at="2026-08-06T13:47:55 MST" duration-ms="2661" status="FAIL">
          <params>
            <param index="0">
              <value>
                <![CDATA["Mandatory fields indicator"]]>
              </value>
            </param>
            <param index="1">
              <value>
                <![CDATA["Program Module"]]>
              </value>
            </param>
          </params>
          <exception class="io.cucumber.java.PendingException">
            <message>
              <![CDATA[TODO: implement me]]>
            </message>
            <full-stacktrace>
              <![CDATA[io.cucumber.java.PendingException: TODO: implement me
at stepDefinitions.ProgramStepDef.admin_is_on_program_page(ProgramStepDef.java:148)
at ✽.Admin is on Program page(file:///C:/Users/gaurav.saini/git/Team02_SeleniumNinjas/src/test/resources/features/program.feature:93)
]]>
            </full-stacktrace>
          </exception> <!-- io.cucumber.java.PendingException -->
          <reporter-output>
          </reporter-output>
        </test-method> <!-- runScenario -->
        <test-method signature="runScenario(io.cucumber.testng.PickleWrapper,io.cucumber.testng.FeatureWrapper)[pri:0, instance:runners.TestRunner@62ea3440]" started-at="2026-08-06T13:47:53 MST" name="runScenario" description="Runs Cucumber Scenarios" data-provider="scenarios" finished-at="2026-08-06T13:47:56 MST" duration-ms="3669" status="FAIL">
          <params>
            <param index="0">
              <value>
                <![CDATA["Name field is displayed"]]>
              </value>
            </param>
            <param index="1">
              <value>
                <![CDATA["Program Module"]]>
              </value>
            </param>
          </params>
          <exception class="io.cucumber.java.PendingException">
            <message>
              <![CDATA[TODO: implement me]]>
            </message>
            <full-stacktrace>
              <![CDATA[io.cucumber.java.PendingException: TODO: implement me
at stepDefinitions.ProgramStepDef.admin_is_on_program_page(ProgramStepDef.java:148)
at ✽.Admin is on Program page(file:///C:/Users/gaurav.saini/git/Team02_SeleniumNinjas/src/test/resources/features/program.feature:98)
]]>
            </full-stacktrace>
          </exception> <!-- io.cucumber.java.PendingException -->
          <reporter-output>
          </reporter-output>
        </test-method> <!-- runScenario -->
        <test-method signature="runScenario(io.cucumber.testng.PickleWrapper,io.cucumber.testng.FeatureWrapper)[pri:0, instance:runners.TestRunner@62ea3440]" started-at="2026-08-06T13:47:53 MST" name="runScenario" description="Runs Cucumber Scenarios" data-provider="scenarios" finished-at="2026-08-06T13:47:57 MST" duration-ms="4561" status="FAIL">
          <params>
            <param index="0">
              <value>
                <![CDATA["Description field is displayed"]]>
              </value>
            </param>
            <param index="1">
              <value>
                <![CDATA["Program Module"]]>
              </value>
            </param>
          </params>
          <exception class="io.cucumber.java.PendingException">
            <message>
              <![CDATA[TODO: implement me]]>
            </message>
            <full-stacktrace>
              <![CDATA[io.cucumber.java.PendingException: TODO: implement me
at stepDefinitions.ProgramStepDef.admin_is_on_program_page(ProgramStepDef.java:148)
at ✽.Admin is on Program page(file:///C:/Users/gaurav.saini/git/Team02_SeleniumNinjas/src/test/resources/features/program.feature:103)
]]>
            </full-stacktrace>
          </exception> <!-- io.cucumber.java.PendingException -->
          <reporter-output>
          </reporter-output>
        </test-method> <!-- runScenario -->
        <test-method signature="runScenario(io.cucumber.testng.PickleWrapper,io.cucumber.testng.FeatureWrapper)[pri:0, instance:runners.TestRunner@62ea3440]" started-at="2026-08-06T13:47:53 MST" name="runScenario" description="Runs Cucumber Scenarios" data-provider="scenarios" finished-at="2026-08-06T13:47:56 MST" duration-ms="3040" status="FAIL">
          <params>
            <param index="0">
              <value>
                <![CDATA["Status radio buttons are displayed"]]>
              </value>
            </param>
            <param index="1">
              <value>
                <![CDATA["Program Module"]]>
              </value>
            </param>
          </params>
          <exception class="io.cucumber.java.PendingException">
            <message>
              <![CDATA[TODO: implement me]]>
            </message>
            <full-stacktrace>
              <![CDATA[io.cucumber.java.PendingException: TODO: implement me
at stepDefinitions.ProgramStepDef.admin_is_on_program_page(ProgramStepDef.java:148)
at ✽.Admin is on Program page(file:///C:/Users/gaurav.saini/git/Team02_SeleniumNinjas/src/test/resources/features/program.feature:108)
]]>
            </full-stacktrace>
          </exception> <!-- io.cucumber.java.PendingException -->
          <reporter-output>
          </reporter-output>
        </test-method> <!-- runScenario -->
        <test-method signature="runScenario(io.cucumber.testng.PickleWrapper,io.cucumber.testng.FeatureWrapper)[pri:0, instance:runners.TestRunner@62ea3440]" started-at="2026-08-06T13:47:55 MST" name="runScenario" description="Runs Cucumber Scenarios" data-provider="scenarios" finished-at="2026-08-06T13:47:58 MST" duration-ms="3330" status="FAIL">
          <params>
            <param index="0">
              <value>
                <![CDATA["Cancel button functionality"]]>
              </value>
            </param>
            <param index="1">
              <value>
                <![CDATA["Program Module"]]>
              </value>
            </param>
          </params>
          <exception class="io.cucumber.java.PendingException">
            <message>
              <![CDATA[TODO: implement me]]>
            </message>
            <full-stacktrace>
              <![CDATA[io.cucumber.java.PendingException: TODO: implement me
at stepDefinitions.ProgramStepDef.admin_is_on_program_details_dialog_box(ProgramStepDef.java:196)
at ✽.Admin is on Program details dialog box(file:///C:/Users/gaurav.saini/git/Team02_SeleniumNinjas/src/test/resources/features/program.feature:123)
]]>
            </full-stacktrace>
          </exception> <!-- io.cucumber.java.PendingException -->
          <reporter-output>
          </reporter-output>
        </test-method> <!-- runScenario -->
        <test-method signature="runScenario(io.cucumber.testng.PickleWrapper,io.cucumber.testng.FeatureWrapper)[pri:0, instance:runners.TestRunner@62ea3440]" started-at="2026-08-06T13:47:55 MST" name="runScenario" description="Runs Cucumber Scenarios" data-provider="scenarios" finished-at="2026-08-06T13:47:58 MST" duration-ms="2816" status="FAIL">
          <params>
            <param index="0">
              <value>
                <![CDATA["Close button (X) functionality"]]>
              </value>
            </param>
            <param index="1">
              <value>
                <![CDATA["Program Module"]]>
              </value>
            </param>
          </params>
          <exception class="io.cucumber.java.PendingException">
            <message>
              <![CDATA[TODO: implement me]]>
            </message>
            <full-stacktrace>
              <![CDATA[io.cucumber.java.PendingException: TODO: implement me
at stepDefinitions.ProgramStepDef.admin_is_on_program_details_dialog_box(ProgramStepDef.java:196)
at ✽.Admin is on Program details dialog box(file:///C:/Users/gaurav.saini/git/Team02_SeleniumNinjas/src/test/resources/features/program.feature:128)
]]>
            </full-stacktrace>
          </exception> <!-- io.cucumber.java.PendingException -->
          <reporter-output>
          </reporter-output>
        </test-method> <!-- runScenario -->
        <test-method signature="runScenario(io.cucumber.testng.PickleWrapper,io.cucumber.testng.FeatureWrapper)[pri:0, instance:runners.TestRunner@62ea3440]" started-at="2026-08-06T13:47:55 MST" name="runScenario" description="Runs Cucumber Scenarios" data-provider="scenarios" finished-at="2026-08-06T13:47:58 MST" duration-ms="3104" status="FAIL">
          <params>
            <param index="0">
              <value>
                <![CDATA["Add new program with valid details"]]>
              </value>
            </param>
            <param index="1">
              <value>
                <![CDATA["Program Module"]]>
              </value>
            </param>
          </params>
          <exception class="io.cucumber.java.PendingException">
            <message>
              <![CDATA[TODO: implement me]]>
            </message>
            <full-stacktrace>
              <![CDATA[io.cucumber.java.PendingException: TODO: implement me
at stepDefinitions.ProgramStepDef.admin_is_on_program_details_dialog_box(ProgramStepDef.java:196)
at ✽.Admin is on Program details dialog box(file:///C:/Users/gaurav.saini/git/Team02_SeleniumNinjas/src/test/resources/features/program.feature:133)
]]>
            </full-stacktrace>
          </exception> <!-- io.cucumber.java.PendingException -->
          <reporter-output>
          </reporter-output>
        </test-method> <!-- runScenario -->
        <test-method signature="runScenario(io.cucumber.testng.PickleWrapper,io.cucumber.testng.FeatureWrapper)[pri:0, instance:runners.TestRunner@62ea3440]" started-at="2026-08-06T13:47:55 MST" name="runScenario" description="Runs Cucumber Scenarios" data-provider="scenarios" finished-at="2026-08-06T13:47:59 MST" duration-ms="3806" status="FAIL">
          <params>
            <param index="0">
              <value>
                <![CDATA["Add new program with numeric program name"]]>
              </value>
            </param>
            <param index="1">
              <value>
                <![CDATA["Program Module"]]>
              </value>
            </param>
          </params>
          <exception class="io.cucumber.java.PendingException">
            <message>
              <![CDATA[TODO: implement me]]>
            </message>
            <full-stacktrace>
              <![CDATA[io.cucumber.java.PendingException: TODO: implement me
at stepDefinitions.ProgramStepDef.admin_is_on_program_details_dialog_box(ProgramStepDef.java:196)
at ✽.Admin is on Program details dialog box(file:///C:/Users/gaurav.saini/git/Team02_SeleniumNinjas/src/test/resources/features/program.feature:138)
]]>
            </full-stacktrace>
          </exception> <!-- io.cucumber.java.PendingException -->
          <reporter-output>
          </reporter-output>
        </test-method> <!-- runScenario -->
        <test-method signature="runScenario(io.cucumber.testng.PickleWrapper,io.cucumber.testng.FeatureWrapper)[pri:0, instance:runners.TestRunner@62ea3440]" started-at="2026-08-06T13:47:56 MST" name="runScenario" description="Runs Cucumber Scenarios" data-provider="scenarios" finished-at="2026-08-06T13:47:59 MST" duration-ms="3313" status="FAIL">
          <params>
            <param index="0">
              <value>
                <![CDATA["Verify added Program is created"]]>
              </value>
            </param>
            <param index="1">
              <value>
                <![CDATA["Program Module"]]>
              </value>
            </param>
          </params>
          <exception class="io.cucumber.java.PendingException">
            <message>
              <![CDATA[TODO: implement me]]>
            </message>
            <full-stacktrace>
              <![CDATA[io.cucumber.java.PendingException: TODO: implement me
at stepDefinitions.ProgramStepDef.admin_is_on_program_page(ProgramStepDef.java:148)
at ✽.Admin is on Program page(file:///C:/Users/gaurav.saini/git/Team02_SeleniumNinjas/src/test/resources/features/program.feature:145)
]]>
            </full-stacktrace>
          </exception> <!-- io.cucumber.java.PendingException -->
          <reporter-output>
          </reporter-output>
        </test-method> <!-- runScenario -->
        <test-method signature="runScenario(io.cucumber.testng.PickleWrapper,io.cucumber.testng.FeatureWrapper)[pri:0, instance:runners.TestRunner@62ea3440]" started-at="2026-08-06T13:47:56 MST" name="runScenario" description="Runs Cucumber Scenarios" data-provider="scenarios" finished-at="2026-08-06T13:47:59 MST" duration-ms="3261" status="FAIL">
          <params>
            <param index="0">
              <value>
                <![CDATA["Edit icon functionality"]]>
              </value>
            </param>
            <param index="1">
              <value>
                <![CDATA["Program Module"]]>
              </value>
            </param>
          </params>
          <exception class="io.cucumber.java.PendingException">
            <message>
              <![CDATA[TODO: implement me]]>
            </message>
            <full-stacktrace>
              <![CDATA[io.cucumber.java.PendingException: TODO: implement me
at stepDefinitions.ProgramStepDef.admin_is_on_program_page(ProgramStepDef.java:148)
at ✽.Admin is on Program page(file:///C:/Users/gaurav.saini/git/Team02_SeleniumNinjas/src/test/resources/features/program.feature:150)
]]>
            </full-stacktrace>
          </exception> <!-- io.cucumber.java.PendingException -->
          <reporter-output>
          </reporter-output>
        </test-method> <!-- runScenario -->
        <test-method signature="runScenario(io.cucumber.testng.PickleWrapper,io.cucumber.testng.FeatureWrapper)[pri:0, instance:runners.TestRunner@62ea3440]" started-at="2026-08-06T13:47:56 MST" name="runScenario" description="Runs Cucumber Scenarios" data-provider="scenarios" finished-at="2026-08-06T13:48:00 MST" duration-ms="3877" status="FAIL">
          <params>
            <param index="0">
              <value>
                <![CDATA["Edit Program Name"]]>
              </value>
            </param>
            <param index="1">
              <value>
                <![CDATA["Program Module"]]>
              </value>
            </param>
          </params>
          <exception class="io.cucumber.java.PendingException">
            <message>
              <![CDATA[TODO: implement me]]>
            </message>
            <full-stacktrace>
              <![CDATA[io.cucumber.java.PendingException: TODO: implement me
at stepDefinitions.ProgramStepDef.admin_is_on_program_details_dialog_box(ProgramStepDef.java:196)
at ✽.Admin is on Program details dialog box(file:///C:/Users/gaurav.saini/git/Team02_SeleniumNinjas/src/test/resources/features/program.feature:155)
]]>
            </full-stacktrace>
          </exception> <!-- io.cucumber.java.PendingException -->
          <reporter-output>
          </reporter-output>
        </test-method> <!-- runScenario -->
        <test-method signature="runScenario(io.cucumber.testng.PickleWrapper,io.cucumber.testng.FeatureWrapper)[pri:0, instance:runners.TestRunner@62ea3440]" started-at="2026-08-06T13:47:56 MST" name="runScenario" description="Runs Cucumber Scenarios" data-provider="scenarios" finished-at="2026-08-06T13:47:59 MST" duration-ms="3413" status="FAIL">
          <params>
            <param index="0">
              <value>
                <![CDATA["Edit Description"]]>
              </value>
            </param>
            <param index="1">
              <value>
                <![CDATA["Program Module"]]>
              </value>
            </param>
          </params>
          <exception class="io.cucumber.java.PendingException">
            <message>
              <![CDATA[TODO: implement me]]>
            </message>
            <full-stacktrace>
              <![CDATA[io.cucumber.java.PendingException: TODO: implement me
at stepDefinitions.ProgramStepDef.admin_is_on_program_details_dialog_box(ProgramStepDef.java:196)
at ✽.Admin is on Program details dialog box(file:///C:/Users/gaurav.saini/git/Team02_SeleniumNinjas/src/test/resources/features/program.feature:160)
]]>
            </full-stacktrace>
          </exception> <!-- io.cucumber.java.PendingException -->
          <reporter-output>
          </reporter-output>
        </test-method> <!-- runScenario -->
        <test-method signature="runScenario(io.cucumber.testng.PickleWrapper,io.cucumber.testng.FeatureWrapper)[pri:0, instance:runners.TestRunner@62ea3440]" started-at="2026-08-06T13:47:56 MST" name="runScenario" description="Runs Cucumber Scenarios" data-provider="scenarios" finished-at="2026-08-06T13:48:00 MST" duration-ms="3512" status="FAIL">
          <params>
            <param index="0">
              <value>
                <![CDATA["Edit Status"]]>
              </value>
            </param>
            <param index="1">
              <value>
                <![CDATA["Program Module"]]>
              </value>
            </param>
          </params>
          <exception class="io.cucumber.java.PendingException">
            <message>
              <![CDATA[TODO: implement me]]>
            </message>
            <full-stacktrace>
              <![CDATA[io.cucumber.java.PendingException: TODO: implement me
at stepDefinitions.ProgramStepDef.admin_is_on_program_details_dialog_box(ProgramStepDef.java:196)
at ✽.Admin is on Program details dialog box(file:///C:/Users/gaurav.saini/git/Team02_SeleniumNinjas/src/test/resources/features/program.feature:165)
]]>
            </full-stacktrace>
          </exception> <!-- io.cucumber.java.PendingException -->
          <reporter-output>
          </reporter-output>
        </test-method> <!-- runScenario -->
        <test-method signature="runScenario(io.cucumber.testng.PickleWrapper,io.cucumber.testng.FeatureWrapper)[pri:0, instance:runners.TestRunner@62ea3440]" started-at="2026-08-06T13:47:57 MST" name="runScenario" description="Runs Cucumber Scenarios" data-provider="scenarios" finished-at="2026-08-06T13:48:00 MST" duration-ms="2940" status="FAIL">
          <params>
            <param index="0">
              <value>
                <![CDATA["Verify edited Program details"]]>
              </value>
            </param>
            <param index="1">
              <value>
                <![CDATA["Program Module"]]>
              </value>
            </param>
          </params>
          <exception class="io.cucumber.java.PendingException">
            <message>
              <![CDATA[TODO: implement me]]>
            </message>
            <full-stacktrace>
              <![CDATA[io.cucumber.java.PendingException: TODO: implement me
at stepDefinitions.ProgramStepDef.admin_is_on_program_page(ProgramStepDef.java:148)
at ✽.Admin is on Program page(file:///C:/Users/gaurav.saini/git/Team02_SeleniumNinjas/src/test/resources/features/program.feature:170)
]]>
            </full-stacktrace>
          </exception> <!-- io.cucumber.java.PendingException -->
          <reporter-output>
          </reporter-output>
        </test-method> <!-- runScenario -->
        <test-method signature="runScenario(io.cucumber.testng.PickleWrapper,io.cucumber.testng.FeatureWrapper)[pri:0, instance:runners.TestRunner@62ea3440]" started-at="2026-08-06T13:47:58 MST" name="runScenario" description="Runs Cucumber Scenarios" data-provider="scenarios" finished-at="2026-08-06T13:48:01 MST" duration-ms="3165" status="FAIL">
          <params>
            <param index="0">
              <value>
                <![CDATA["Display Delete Confirmation"]]>
              </value>
            </param>
            <param index="1">
              <value>
                <![CDATA["Program Module"]]>
              </value>
            </param>
          </params>
          <exception class="io.cucumber.java.PendingException">
            <message>
              <![CDATA[TODO: implement me]]>
            </message>
            <full-stacktrace>
              <![CDATA[io.cucumber.java.PendingException: TODO: implement me
at stepDefinitions.ProgramStepDef.admin_is_on_program_page(ProgramStepDef.java:148)
at ✽.Admin is on Program page(file:///C:/Users/gaurav.saini/git/Team02_SeleniumNinjas/src/test/resources/features/program.feature:175)
]]>
            </full-stacktrace>
          </exception> <!-- io.cucumber.java.PendingException -->
          <reporter-output>
          </reporter-output>
        </test-method> <!-- runScenario -->
        <test-method signature="runScenario(io.cucumber.testng.PickleWrapper,io.cucumber.testng.FeatureWrapper)[pri:0, instance:runners.TestRunner@62ea3440]" started-at="2026-08-06T13:47:58 MST" name="runScenario" description="Runs Cucumber Scenarios" data-provider="scenarios" finished-at="2026-08-06T13:48:01 MST" duration-ms="2853" status="FAIL">
          <params>
            <param index="0">
              <value>
                <![CDATA["Delete Program Successfully"]]>
              </value>
            </param>
            <param index="1">
              <value>
                <![CDATA["Program Module"]]>
              </value>
            </param>
          </params>
          <exception class="io.cucumber.java.PendingException">
            <message>
              <![CDATA[TODO: implement me]]>
            </message>
            <full-stacktrace>
              <![CDATA[io.cucumber.java.PendingException: TODO: implement me
at stepDefinitions.ProgramStepDef.admin_is_on_confirm_deletion_form(ProgramStepDef.java:310)
at ✽.Admin is on Confirm deletion form(file:///C:/Users/gaurav.saini/git/Team02_SeleniumNinjas/src/test/resources/features/program.feature:180)
]]>
            </full-stacktrace>
          </exception> <!-- io.cucumber.java.PendingException -->
          <reporter-output>
          </reporter-output>
        </test-method> <!-- runScenario -->
        <test-method signature="runScenario(io.cucumber.testng.PickleWrapper,io.cucumber.testng.FeatureWrapper)[pri:0, instance:runners.TestRunner@62ea3440]" started-at="2026-08-06T13:47:58 MST" name="runScenario" description="Runs Cucumber Scenarios" data-provider="scenarios" finished-at="2026-08-06T13:48:01 MST" duration-ms="3007" status="FAIL">
          <params>
            <param index="0">
              <value>
                <![CDATA["Deleted Program visibility"]]>
              </value>
            </param>
            <param index="1">
              <value>
                <![CDATA["Program Module"]]>
              </value>
            </param>
          </params>
          <exception class="io.cucumber.java.PendingException">
            <message>
              <![CDATA[TODO: implement me]]>
            </message>
            <full-stacktrace>
              <![CDATA[io.cucumber.java.PendingException: TODO: implement me
at stepDefinitions.ProgramStepDef.admin_is_on_program_page(ProgramStepDef.java:148)
at ✽.Admin is on Program page(file:///C:/Users/gaurav.saini/git/Team02_SeleniumNinjas/src/test/resources/features/program.feature:185)
]]>
            </full-stacktrace>
          </exception> <!-- io.cucumber.java.PendingException -->
          <reporter-output>
          </reporter-output>
        </test-method> <!-- runScenario -->
        <test-method signature="runScenario(io.cucumber.testng.PickleWrapper,io.cucumber.testng.FeatureWrapper)[pri:0, instance:runners.TestRunner@62ea3440]" started-at="2026-08-06T13:47:59 MST" name="runScenario" description="Runs Cucumber Scenarios" data-provider="scenarios" finished-at="2026-08-06T13:48:02 MST" duration-ms="3491" status="FAIL">
          <params>
            <param index="0">
              <value>
                <![CDATA["Cancel Program Deletion"]]>
              </value>
            </param>
            <param index="1">
              <value>
                <![CDATA["Program Module"]]>
              </value>
            </param>
          </params>
          <exception class="io.cucumber.java.PendingException">
            <message>
              <![CDATA[TODO: implement me]]>
            </message>
            <full-stacktrace>
              <![CDATA[io.cucumber.java.PendingException: TODO: implement me
at stepDefinitions.ProgramStepDef.admin_is_on_program_confirm_deletion_page_after_selecting_a_program_to_delete(ProgramStepDef.java:340)
at ✽.Admin is on Program Confirm Deletion Page after selecting a program to delete(file:///C:/Users/gaurav.saini/git/Team02_SeleniumNinjas/src/test/resources/features/program.feature:190)
]]>
            </full-stacktrace>
          </exception> <!-- io.cucumber.java.PendingException -->
          <reporter-output>
          </reporter-output>
        </test-method> <!-- runScenario -->
        <test-method signature="runScenario(io.cucumber.testng.PickleWrapper,io.cucumber.testng.FeatureWrapper)[pri:0, instance:runners.TestRunner@62ea3440]" started-at="2026-08-06T13:47:59 MST" name="runScenario" description="Runs Cucumber Scenarios" data-provider="scenarios" finished-at="2026-08-06T13:48:02 MST" duration-ms="3420" status="FAIL">
          <params>
            <param index="0">
              <value>
                <![CDATA["Close Delete Confirmation"]]>
              </value>
            </param>
            <param index="1">
              <value>
                <![CDATA["Program Module"]]>
              </value>
            </param>
          </params>
          <exception class="io.cucumber.java.PendingException">
            <message>
              <![CDATA[TODO: implement me]]>
            </message>
            <full-stacktrace>
              <![CDATA[io.cucumber.java.PendingException: TODO: implement me
at stepDefinitions.ProgramStepDef.admin_is_on_program_confirm_deletion_page_after_selecting_a_program_to_delete(ProgramStepDef.java:340)
at ✽.Admin is on Program Confirm Deletion Page after selecting a program to delete(file:///C:/Users/gaurav.saini/git/Team02_SeleniumNinjas/src/test/resources/features/program.feature:195)
]]>
            </full-stacktrace>
          </exception> <!-- io.cucumber.java.PendingException -->
          <reporter-output>
          </reporter-output>
        </test-method> <!-- runScenario -->
        <test-method signature="runScenario(io.cucumber.testng.PickleWrapper,io.cucumber.testng.FeatureWrapper)[pri:0, instance:runners.TestRunner@62ea3440]" started-at="2026-08-06T13:47:59 MST" name="runScenario" description="Runs Cucumber Scenarios" data-provider="scenarios" finished-at="2026-08-06T13:48:03 MST" duration-ms="3814" status="FAIL">
          <params>
            <param index="0">
              <value>
                <![CDATA["Select multiple programs"]]>
              </value>
            </param>
            <param index="1">
              <value>
                <![CDATA["Program Module"]]>
              </value>
            </param>
          </params>
          <exception class="io.cucumber.java.PendingException">
            <message>
              <![CDATA[TODO: implement me]]>
            </message>
            <full-stacktrace>
              <![CDATA[io.cucumber.java.PendingException: TODO: implement me
at stepDefinitions.ProgramStepDef.admin_is_on_program_page(ProgramStepDef.java:148)
at ✽.Admin is on Program page(file:///C:/Users/gaurav.saini/git/Team02_SeleniumNinjas/src/test/resources/features/program.feature:200)
]]>
            </full-stacktrace>
          </exception> <!-- io.cucumber.java.PendingException -->
          <reporter-output>
          </reporter-output>
        </test-method> <!-- runScenario -->
        <test-method signature="runScenario(io.cucumber.testng.PickleWrapper,io.cucumber.testng.FeatureWrapper)[pri:0, instance:runners.TestRunner@62ea3440]" started-at="2026-08-06T13:47:59 MST" name="runScenario" description="Runs Cucumber Scenarios" data-provider="scenarios" finished-at="2026-08-06T13:48:03 MST" duration-ms="3617" status="FAIL">
          <params>
            <param index="0">
              <value>
                <![CDATA["Delete Multiple programs"]]>
              </value>
            </param>
            <param index="1">
              <value>
                <![CDATA["Program Module"]]>
              </value>
            </param>
          </params>
          <exception class="io.cucumber.java.PendingException">
            <message>
              <![CDATA[TODO: implement me]]>
            </message>
            <full-stacktrace>
              <![CDATA[io.cucumber.java.PendingException: TODO: implement me
at stepDefinitions.ProgramStepDef.admin_is_on_program_page(ProgramStepDef.java:148)
at ✽.Admin is on Program page(file:///C:/Users/gaurav.saini/git/Team02_SeleniumNinjas/src/test/resources/features/program.feature:205)
]]>
            </full-stacktrace>
          </exception> <!-- io.cucumber.java.PendingException -->
          <reporter-output>
          </reporter-output>
        </test-method> <!-- runScenario -->
        <test-method signature="runScenario(io.cucumber.testng.PickleWrapper,io.cucumber.testng.FeatureWrapper)[pri:0, instance:runners.TestRunner@62ea3440]" started-at="2026-08-06T13:48:00 MST" name="runScenario" description="Runs Cucumber Scenarios" data-provider="scenarios" finished-at="2026-08-06T13:48:03 MST" duration-ms="3324" status="FAIL">
          <params>
            <param index="0">
              <value>
                <![CDATA["Delete selected program"]]>
              </value>
            </param>
            <param index="1">
              <value>
                <![CDATA["Program Module"]]>
              </value>
            </param>
          </params>
          <exception class="io.cucumber.java.PendingException">
            <message>
              <![CDATA[TODO: implement me]]>
            </message>
            <full-stacktrace>
              <![CDATA[io.cucumber.java.PendingException: TODO: implement me
at stepDefinitions.ProgramStepDef.admin_is_on_confirmation_form(ProgramStepDef.java:388)
at ✽.Admin is on Confirmation form(file:///C:/Users/gaurav.saini/git/Team02_SeleniumNinjas/src/test/resources/features/program.feature:210)
]]>
            </full-stacktrace>
          </exception> <!-- io.cucumber.java.PendingException -->
          <reporter-output>
          </reporter-output>
        </test-method> <!-- runScenario -->
        <test-method signature="runScenario(io.cucumber.testng.PickleWrapper,io.cucumber.testng.FeatureWrapper)[pri:0, instance:runners.TestRunner@62ea3440]" started-at="2026-08-06T13:48:00 MST" name="runScenario" description="Runs Cucumber Scenarios" data-provider="scenarios" finished-at="2026-08-06T13:48:03 MST" duration-ms="3368" status="FAIL">
          <params>
            <param index="0">
              <value>
                <![CDATA["Deleted program Visibility"]]>
              </value>
            </param>
            <param index="1">
              <value>
                <![CDATA["Program Module"]]>
              </value>
            </param>
          </params>
          <exception class="io.cucumber.java.PendingException">
            <message>
              <![CDATA[TODO: implement me]]>
            </message>
            <full-stacktrace>
              <![CDATA[io.cucumber.java.PendingException: TODO: implement me
at stepDefinitions.ProgramStepDef.admin_is_on_program_page(ProgramStepDef.java:148)
at ✽.Admin is on Program page(file:///C:/Users/gaurav.saini/git/Team02_SeleniumNinjas/src/test/resources/features/program.feature:215)
]]>
            </full-stacktrace>
          </exception> <!-- io.cucumber.java.PendingException -->
          <reporter-output>
          </reporter-output>
        </test-method> <!-- runScenario -->
        <test-method signature="runScenario(io.cucumber.testng.PickleWrapper,io.cucumber.testng.FeatureWrapper)[pri:0, instance:runners.TestRunner@62ea3440]" started-at="2026-08-06T13:48:00 MST" name="runScenario" description="Runs Cucumber Scenarios" data-provider="scenarios" finished-at="2026-08-06T13:48:04 MST" duration-ms="3654" status="FAIL">
          <params>
            <param index="0">
              <value>
                <![CDATA["Cancel Multiple Deletion"]]>
              </value>
            </param>
            <param index="1">
              <value>
                <![CDATA["Program Module"]]>
              </value>
            </param>
          </params>
          <exception class="io.cucumber.java.PendingException">
            <message>
              <![CDATA[TODO: implement me]]>
            </message>
            <full-stacktrace>
              <![CDATA[io.cucumber.java.PendingException: TODO: implement me
at stepDefinitions.ProgramStepDef.admin_is_on_confirmation_form(ProgramStepDef.java:388)
at ✽.Admin is on Confirmation form(file:///C:/Users/gaurav.saini/git/Team02_SeleniumNinjas/src/test/resources/features/program.feature:220)
]]>
            </full-stacktrace>
          </exception> <!-- io.cucumber.java.PendingException -->
          <reporter-output>
          </reporter-output>
        </test-method> <!-- runScenario -->
        <test-method signature="runScenario(io.cucumber.testng.PickleWrapper,io.cucumber.testng.FeatureWrapper)[pri:0, instance:runners.TestRunner@62ea3440]" started-at="2026-08-06T13:48:01 MST" name="runScenario" description="Runs Cucumber Scenarios" data-provider="scenarios" finished-at="2026-08-06T13:48:05 MST" duration-ms="4273" status="FAIL">
          <params>
            <param index="0">
              <value>
                <![CDATA["Close Multiple deletion confirmation"]]>
              </value>
            </param>
            <param index="1">
              <value>
                <![CDATA["Program Module"]]>
              </value>
            </param>
          </params>
          <exception class="io.cucumber.java.PendingException">
            <message>
              <![CDATA[TODO: implement me]]>
            </message>
            <full-stacktrace>
              <![CDATA[io.cucumber.java.PendingException: TODO: implement me
at stepDefinitions.ProgramStepDef.admin_is_on_program_confirm_deletion_page_after_selecting_a_program_to_delete(ProgramStepDef.java:340)
at ✽.Admin is on Program Confirm Deletion Page after selecting a program to delete(file:///C:/Users/gaurav.saini/git/Team02_SeleniumNinjas/src/test/resources/features/program.feature:225)
]]>
            </full-stacktrace>
          </exception> <!-- io.cucumber.java.PendingException -->
          <reporter-output>
          </reporter-output>
        </test-method> <!-- runScenario -->
        <test-method signature="runScenario(io.cucumber.testng.PickleWrapper,io.cucumber.testng.FeatureWrapper)[pri:0, instance:runners.TestRunner@62ea3440]" started-at="2026-08-06T13:48:01 MST" name="runScenario" description="Runs Cucumber Scenarios" data-provider="scenarios" finished-at="2026-08-06T13:48:05 MST" duration-ms="3243" status="FAIL">
          <params>
            <param index="0">
              <value>
                <![CDATA["Search by program name"]]>
              </value>
            </param>
            <param index="1">
              <value>
                <![CDATA["Program Module"]]>
              </value>
            </param>
          </params>
          <exception class="io.cucumber.java.PendingException">
            <message>
              <![CDATA[TODO: implement me]]>
            </message>
            <full-stacktrace>
              <![CDATA[io.cucumber.java.PendingException: TODO: implement me
at stepDefinitions.ProgramStepDef.admin_is_on_program_page(ProgramStepDef.java:148)
at ✽.Admin is on Program page(file:///C:/Users/gaurav.saini/git/Team02_SeleniumNinjas/src/test/resources/features/program.feature:230)
]]>
            </full-stacktrace>
          </exception> <!-- io.cucumber.java.PendingException -->
          <reporter-output>
          </reporter-output>
        </test-method> <!-- runScenario -->
        <test-method signature="runScenario(io.cucumber.testng.PickleWrapper,io.cucumber.testng.FeatureWrapper)[pri:0, instance:runners.TestRunner@62ea3440]" started-at="2026-08-06T13:48:02 MST" name="runScenario" description="Runs Cucumber Scenarios" data-provider="scenarios" finished-at="2026-08-06T13:48:05 MST" duration-ms="3896" status="FAIL">
          <params>
            <param index="0">
              <value>
                <![CDATA["Search by program description"]]>
              </value>
            </param>
            <param index="1">
              <value>
                <![CDATA["Program Module"]]>
              </value>
            </param>
          </params>
          <exception class="io.cucumber.java.PendingException">
            <message>
              <![CDATA[TODO: implement me]]>
            </message>
            <full-stacktrace>
              <![CDATA[io.cucumber.java.PendingException: TODO: implement me
at stepDefinitions.ProgramStepDef.admin_is_on_program_page(ProgramStepDef.java:148)
at ✽.Admin is on Program page(file:///C:/Users/gaurav.saini/git/Team02_SeleniumNinjas/src/test/resources/features/program.feature:235)
]]>
            </full-stacktrace>
          </exception> <!-- io.cucumber.java.PendingException -->
          <reporter-output>
          </reporter-output>
        </test-method> <!-- runScenario -->
        <test-method signature="runScenario(io.cucumber.testng.PickleWrapper,io.cucumber.testng.FeatureWrapper)[pri:0, instance:runners.TestRunner@62ea3440]" started-at="2026-08-06T13:48:02 MST" name="runScenario" description="Runs Cucumber Scenarios" data-provider="scenarios" finished-at="2026-08-06T13:48:06 MST" duration-ms="3527" status="FAIL">
          <params>
            <param index="0">
              <value>
                <![CDATA["Search by Non-Existent Program Name"]]>
              </value>
            </param>
            <param index="1">
              <value>
                <![CDATA["Program Module"]]>
              </value>
            </param>
          </params>
          <exception class="io.cucumber.java.PendingException">
            <message>
              <![CDATA[TODO: implement me]]>
            </message>
            <full-stacktrace>
              <![CDATA[io.cucumber.java.PendingException: TODO: implement me
at stepDefinitions.ProgramStepDef.admin_is_on_program_page(ProgramStepDef.java:148)
at ✽.Admin is on Program page(file:///C:/Users/gaurav.saini/git/Team02_SeleniumNinjas/src/test/resources/features/program.feature:240)
]]>
            </full-stacktrace>
          </exception> <!-- io.cucumber.java.PendingException -->
          <reporter-output>
          </reporter-output>
        </test-method> <!-- runScenario -->
        <test-method signature="runScenario(io.cucumber.testng.PickleWrapper,io.cucumber.testng.FeatureWrapper)[pri:0, instance:runners.TestRunner@62ea3440]" started-at="2026-08-06T13:48:02 MST" name="runScenario" description="Runs Cucumber Scenarios" data-provider="scenarios" finished-at="2026-08-06T13:48:06 MST" duration-ms="3414" status="FAIL">
          <params>
            <param index="0">
              <value>
                <![CDATA["Search by partial program name"]]>
              </value>
            </param>
            <param index="1">
              <value>
                <![CDATA["Program Module"]]>
              </value>
            </param>
          </params>
          <exception class="io.cucumber.java.PendingException">
            <message>
              <![CDATA[TODO: implement me]]>
            </message>
            <full-stacktrace>
              <![CDATA[io.cucumber.java.PendingException: TODO: implement me
at stepDefinitions.ProgramStepDef.admin_is_on_program_page(ProgramStepDef.java:148)
at ✽.Admin is on Program page(file:///C:/Users/gaurav.saini/git/Team02_SeleniumNinjas/src/test/resources/features/program.feature:245)
]]>
            </full-stacktrace>
          </exception> <!-- io.cucumber.java.PendingException -->
          <reporter-output>
          </reporter-output>
        </test-method> <!-- runScenario -->
        <test-method signature="runScenario(io.cucumber.testng.PickleWrapper,io.cucumber.testng.FeatureWrapper)[pri:0, instance:runners.TestRunner@62ea3440]" started-at="2026-08-06T13:48:03 MST" name="runScenario" description="Runs Cucumber Scenarios" data-provider="scenarios" finished-at="2026-08-06T13:48:06 MST" duration-ms="3436" status="FAIL">
          <params>
            <param index="0">
              <value>
                <![CDATA["Sorting of Program name in Ascending order"]]>
              </value>
            </param>
            <param index="1">
              <value>
                <![CDATA["Program Module"]]>
              </value>
            </param>
          </params>
          <exception class="io.cucumber.java.PendingException">
            <message>
              <![CDATA[TODO: implement me]]>
            </message>
            <full-stacktrace>
              <![CDATA[io.cucumber.java.PendingException: TODO: implement me
at stepDefinitions.ProgramStepDef.admin_is_on_program_page(ProgramStepDef.java:148)
at ✽.Admin is on Program page(file:///C:/Users/gaurav.saini/git/Team02_SeleniumNinjas/src/test/resources/features/program.feature:250)
]]>
            </full-stacktrace>
          </exception> <!-- io.cucumber.java.PendingException -->
          <reporter-output>
          </reporter-output>
        </test-method> <!-- runScenario -->
        <test-method signature="runScenario(io.cucumber.testng.PickleWrapper,io.cucumber.testng.FeatureWrapper)[pri:0, instance:runners.TestRunner@62ea3440]" started-at="2026-08-06T13:48:03 MST" name="runScenario" description="Runs Cucumber Scenarios" data-provider="scenarios" finished-at="2026-08-06T13:48:06 MST" duration-ms="3005" status="FAIL">
          <params>
            <param index="0">
              <value>
                <![CDATA["Sorting of Program name in Descending order"]]>
              </value>
            </param>
            <param index="1">
              <value>
                <![CDATA["Program Module"]]>
              </value>
            </param>
          </params>
          <exception class="io.cucumber.java.PendingException">
            <message>
              <![CDATA[TODO: implement me]]>
            </message>
            <full-stacktrace>
              <![CDATA[io.cucumber.java.PendingException: TODO: implement me
at stepDefinitions.ProgramStepDef.admin_is_in_program_page_where_program_names_are_sorted_in_ascending_order(ProgramStepDef.java:454)
at ✽.Admin is in program page where Program names are sorted in ascending order(file:///C:/Users/gaurav.saini/git/Team02_SeleniumNinjas/src/test/resources/features/program.feature:255)
]]>
            </full-stacktrace>
          </exception> <!-- io.cucumber.java.PendingException -->
          <reporter-output>
          </reporter-output>
        </test-method> <!-- runScenario -->
        <test-method signature="runScenario(io.cucumber.testng.PickleWrapper,io.cucumber.testng.FeatureWrapper)[pri:0, instance:runners.TestRunner@62ea3440]" started-at="2026-08-06T13:48:03 MST" name="runScenario" description="Runs Cucumber Scenarios" data-provider="scenarios" finished-at="2026-08-06T13:48:06 MST" duration-ms="3213" status="FAIL">
          <params>
            <param index="0">
              <value>
                <![CDATA["Sorting of Program Description in Ascending order"]]>
              </value>
            </param>
            <param index="1">
              <value>
                <![CDATA["Program Module"]]>
              </value>
            </param>
          </params>
          <exception class="io.cucumber.java.PendingException">
            <message>
              <![CDATA[TODO: implement me]]>
            </message>
            <full-stacktrace>
              <![CDATA[io.cucumber.java.PendingException: TODO: implement me
at stepDefinitions.ProgramStepDef.admin_is_on_program_page(ProgramStepDef.java:148)
at ✽.Admin is on Program page(file:///C:/Users/gaurav.saini/git/Team02_SeleniumNinjas/src/test/resources/features/program.feature:260)
]]>
            </full-stacktrace>
          </exception> <!-- io.cucumber.java.PendingException -->
          <reporter-output>
          </reporter-output>
        </test-method> <!-- runScenario -->
        <test-method signature="runScenario(io.cucumber.testng.PickleWrapper,io.cucumber.testng.FeatureWrapper)[pri:0, instance:runners.TestRunner@62ea3440]" started-at="2026-08-06T13:48:03 MST" name="runScenario" description="Runs Cucumber Scenarios" data-provider="scenarios" finished-at="2026-08-06T13:48:07 MST" duration-ms="3383" status="FAIL">
          <params>
            <param index="0">
              <value>
                <![CDATA["Sorting of Program Description in Descending order"]]>
              </value>
            </param>
            <param index="1">
              <value>
                <![CDATA["Program Module"]]>
              </value>
            </param>
          </params>
          <exception class="io.cucumber.java.PendingException">
            <message>
              <![CDATA[TODO: implement me]]>
            </message>
            <full-stacktrace>
              <![CDATA[io.cucumber.java.PendingException: TODO: implement me
at stepDefinitions.ProgramStepDef.admin_is_in_program_page_where_program_description_are_sorted_in_ascending_order(ProgramStepDef.java:478)
at ✽.Admin is in program page where Program description are sorted in ascending order(file:///C:/Users/gaurav.saini/git/Team02_SeleniumNinjas/src/test/resources/features/program.feature:265)
]]>
            </full-stacktrace>
          </exception> <!-- io.cucumber.java.PendingException -->
          <reporter-output>
          </reporter-output>
        </test-method> <!-- runScenario -->
        <test-method signature="runScenario(io.cucumber.testng.PickleWrapper,io.cucumber.testng.FeatureWrapper)[pri:0, instance:runners.TestRunner@62ea3440]" started-at="2026-08-06T13:48:04 MST" name="runScenario" description="Runs Cucumber Scenarios" data-provider="scenarios" finished-at="2026-08-06T13:48:08 MST" duration-ms="3691" status="FAIL">
          <params>
            <param index="0">
              <value>
                <![CDATA["Sorting of program status in Ascending order"]]>
              </value>
            </param>
            <param index="1">
              <value>
                <![CDATA["Program Module"]]>
              </value>
            </param>
          </params>
          <exception class="io.cucumber.java.PendingException">
            <message>
              <![CDATA[TODO: implement me]]>
            </message>
            <full-stacktrace>
              <![CDATA[io.cucumber.java.PendingException: TODO: implement me
at stepDefinitions.ProgramStepDef.admin_is_on_program_page(ProgramStepDef.java:148)
at ✽.Admin is on Program page(file:///C:/Users/gaurav.saini/git/Team02_SeleniumNinjas/src/test/resources/features/program.feature:270)
]]>
            </full-stacktrace>
          </exception> <!-- io.cucumber.java.PendingException -->
          <reporter-output>
          </reporter-output>
        </test-method> <!-- runScenario -->
        <test-method signature="runScenario(io.cucumber.testng.PickleWrapper,io.cucumber.testng.FeatureWrapper)[pri:0, instance:runners.TestRunner@62ea3440]" started-at="2026-08-06T13:48:05 MST" name="runScenario" description="Runs Cucumber Scenarios" data-provider="scenarios" finished-at="2026-08-06T13:48:07 MST" duration-ms="2765" status="FAIL">
          <params>
            <param index="0">
              <value>
                <![CDATA["Sorting of Program status in Descending order"]]>
              </value>
            </param>
            <param index="1">
              <value>
                <![CDATA["Program Module"]]>
              </value>
            </param>
          </params>
          <exception class="io.cucumber.java.PendingException">
            <message>
              <![CDATA[TODO: implement me]]>
            </message>
            <full-stacktrace>
              <![CDATA[io.cucumber.java.PendingException: TODO: implement me
at stepDefinitions.ProgramStepDef.admin_is_in_program_page_where_program_status_are_sorted_in_ascending_order(ProgramStepDef.java:502)
at ✽.Admin is in program page where Program status are sorted in ascending order(file:///C:/Users/gaurav.saini/git/Team02_SeleniumNinjas/src/test/resources/features/program.feature:275)
]]>
            </full-stacktrace>
          </exception> <!-- io.cucumber.java.PendingException -->
          <reporter-output>
          </reporter-output>
        </test-method> <!-- runScenario -->
        <test-method signature="runScenario(io.cucumber.testng.PickleWrapper,io.cucumber.testng.FeatureWrapper)[pri:0, instance:runners.TestRunner@62ea3440]" started-at="2026-08-06T13:48:05 MST" name="runScenario" description="Runs Cucumber Scenarios" data-provider="scenarios" finished-at="2026-08-06T13:48:09 MST" duration-ms="3247" status="FAIL">
          <params>
            <param index="0">
              <value>
                <![CDATA["Next Page Navigation"]]>
              </value>
            </param>
            <param index="1">
              <value>
                <![CDATA["Program Module"]]>
              </value>
            </param>
          </params>
          <exception class="io.cucumber.java.PendingException">
            <message>
              <![CDATA[TODO: implement me]]>
            </message>
            <full-stacktrace>
              <![CDATA[io.cucumber.java.PendingException: TODO: implement me
at stepDefinitions.ProgramStepDef.admin_is_on_program_page_with_multiple_program_records(ProgramStepDef.java:514)
at ✽.Admin is on Program page with multiple program records(file:///C:/Users/gaurav.saini/git/Team02_SeleniumNinjas/src/test/resources/features/program.feature:280)
]]>
            </full-stacktrace>
          </exception> <!-- io.cucumber.java.PendingException -->
          <reporter-output>
          </reporter-output>
        </test-method> <!-- runScenario -->
        <test-method signature="runScenario(io.cucumber.testng.PickleWrapper,io.cucumber.testng.FeatureWrapper)[pri:0, instance:runners.TestRunner@62ea3440]" started-at="2026-08-06T13:48:05 MST" name="runScenario" description="Runs Cucumber Scenarios" data-provider="scenarios" finished-at="2026-08-06T13:48:09 MST" duration-ms="3150" status="FAIL">
          <params>
            <param index="0">
              <value>
                <![CDATA["Last Page Navigation"]]>
              </value>
            </param>
            <param index="1">
              <value>
                <![CDATA["Program Module"]]>
              </value>
            </param>
          </params>
          <exception class="io.cucumber.java.PendingException">
            <message>
              <![CDATA[TODO: implement me]]>
            </message>
            <full-stacktrace>
              <![CDATA[io.cucumber.java.PendingException: TODO: implement me
at stepDefinitions.ProgramStepDef.admin_is_on_any_page_except_the_last_page_of_program_table(ProgramStepDef.java:532)
at ✽.Admin is on any page except the last page of Program table(file:///C:/Users/gaurav.saini/git/Team02_SeleniumNinjas/src/test/resources/features/program.feature:285)
]]>
            </full-stacktrace>
          </exception> <!-- io.cucumber.java.PendingException -->
          <reporter-output>
          </reporter-output>
        </test-method> <!-- runScenario -->
        <test-method signature="runScenario(io.cucumber.testng.PickleWrapper,io.cucumber.testng.FeatureWrapper)[pri:0, instance:runners.TestRunner@62ea3440]" started-at="2026-08-06T13:48:06 MST" name="runScenario" description="Runs Cucumber Scenarios" data-provider="scenarios" finished-at="2026-08-06T13:48:09 MST" duration-ms="2985" status="FAIL">
          <params>
            <param index="0">
              <value>
                <![CDATA["Previous Page Navigation"]]>
              </value>
            </param>
            <param index="1">
              <value>
                <![CDATA["Program Module"]]>
              </value>
            </param>
          </params>
          <exception class="io.cucumber.java.PendingException">
            <message>
              <![CDATA[TODO: implement me]]>
            </message>
            <full-stacktrace>
              <![CDATA[io.cucumber.java.PendingException: TODO: implement me
at stepDefinitions.ProgramStepDef.admin_is_on_the_program_table_on_any_page_except_the_first_page(ProgramStepDef.java:550)
at ✽.Admin is on the Program table on any page except the first page(file:///C:/Users/gaurav.saini/git/Team02_SeleniumNinjas/src/test/resources/features/program.feature:290)
]]>
            </full-stacktrace>
          </exception> <!-- io.cucumber.java.PendingException -->
          <reporter-output>
          </reporter-output>
        </test-method> <!-- runScenario -->
        <test-method signature="runScenario(io.cucumber.testng.PickleWrapper,io.cucumber.testng.FeatureWrapper)[pri:0, instance:runners.TestRunner@62ea3440]" started-at="2026-08-06T13:48:06 MST" name="runScenario" description="Runs Cucumber Scenarios" data-provider="scenarios" finished-at="2026-08-06T13:48:09 MST" duration-ms="3023" status="FAIL">
          <params>
            <param index="0">
              <value>
                <![CDATA["First Page Navigation"]]>
              </value>
            </param>
            <param index="1">
              <value>
                <![CDATA["Program Module"]]>
              </value>
            </param>
          </params>
          <exception class="io.cucumber.java.PendingException">
            <message>
              <![CDATA[TODO: implement me]]>
            </message>
            <full-stacktrace>
              <![CDATA[io.cucumber.java.PendingException: TODO: implement me
at stepDefinitions.ProgramStepDef.admin_is_on_any_page_except_the_first_page_of_program_table(ProgramStepDef.java:568)
at ✽.Admin is on any page except the first page of Program table(file:///C:/Users/gaurav.saini/git/Team02_SeleniumNinjas/src/test/resources/features/program.feature:295)
]]>
            </full-stacktrace>
          </exception> <!-- io.cucumber.java.PendingException -->
          <reporter-output>
          </reporter-output>
        </test-method> <!-- runScenario -->
        <test-method signature="runScenario(io.cucumber.testng.PickleWrapper,io.cucumber.testng.FeatureWrapper)[pri:0, instance:runners.TestRunner@62ea3440]" started-at="2026-08-06T13:48:06 MST" name="runScenario" description="Runs Cucumber Scenarios" data-provider="scenarios" finished-at="2026-08-06T13:48:09 MST" duration-ms="2845" status="FAIL">
          <params>
            <param index="0">
              <value>
                <![CDATA["Pagination when there are no records"]]>
              </value>
            </param>
            <param index="1">
              <value>
                <![CDATA["Program Module"]]>
              </value>
            </param>
          </params>
          <exception class="io.cucumber.java.PendingException">
            <message>
              <![CDATA[TODO: implement me]]>
            </message>
            <full-stacktrace>
              <![CDATA[io.cucumber.java.PendingException: TODO: implement me
at stepDefinitions.ProgramStepDef.admin_is_on_home_page_after_login(ProgramStepDef.java:29)
at ✽.Admin is on home page after Login(file:///C:/Users/gaurav.saini/git/Team02_SeleniumNinjas/src/test/resources/features/program.feature:302)
]]>
            </full-stacktrace>
          </exception> <!-- io.cucumber.java.PendingException -->
          <reporter-output>
          </reporter-output>
        </test-method> <!-- runScenario -->
        <test-method signature="runScenario(io.cucumber.testng.PickleWrapper,io.cucumber.testng.FeatureWrapper)[pri:0, instance:runners.TestRunner@62ea3440]" started-at="2026-08-06T13:48:06 MST" name="runScenario" description="Runs Cucumber Scenarios" data-provider="scenarios" finished-at="2026-08-06T13:48:09 MST" duration-ms="2519" status="FAIL">
          <params>
            <param index="0">
              <value>
                <![CDATA["Pagination when there are less than 5 records"]]>
              </value>
            </param>
            <param index="1">
              <value>
                <![CDATA["Program Module"]]>
              </value>
            </param>
          </params>
          <exception class="io.cucumber.java.PendingException">
            <message>
              <![CDATA[TODO: implement me]]>
            </message>
            <full-stacktrace>
              <![CDATA[io.cucumber.java.PendingException: TODO: implement me
at stepDefinitions.ProgramStepDef.admin_is_on_home_page_after_login(ProgramStepDef.java:29)
at ✽.Admin is on home page after Login(file:///C:/Users/gaurav.saini/git/Team02_SeleniumNinjas/src/test/resources/features/program.feature:309)
]]>
            </full-stacktrace>
          </exception> <!-- io.cucumber.java.PendingException -->
          <reporter-output>
          </reporter-output>
        </test-method> <!-- runScenario -->
        <test-method is-config="true" signature="tearDownClass()[pri:0, instance:runners.TestRunner@62ea3440]" started-at="2026-08-06T13:48:09 MST" name="tearDownClass" finished-at="2026-08-06T13:48:09 MST" duration-ms="35" status="FAIL">
          <exception class="java.lang.IllegalArgumentException">
            <message>
              <![CDATA[No enum constant com.aventstack.chaintest.domain.Result.PENDING]]>
            </message>
            <full-stacktrace>
              <![CDATA[java.lang.IllegalArgumentException: No enum constant com.aventstack.chaintest.domain.Result.PENDING
at java.base/java.lang.Enum.valueOf(Enum.java:293)
at com.aventstack.chaintest.domain.Result.valueOf(Result.java:5)
at com.aventstack.chaintest.domain.Test.complete(Test.java:331)
at com.aventstack.chaintest.domain.Test.complete(Test.java:316)
at com.aventstack.chaintest.plugins.ChainTestCucumberListener.lambda$new$3(ChainTestCucumberListener.java:120)
at io.cucumber.core.eventbus.AbstractEventPublisher.send(AbstractEventPublisher.java:51)
at io.cucumber.core.eventbus.AbstractEventPublisher.sendAll(AbstractEventPublisher.java:36)
at io.cucumber.core.plugin.CanonicalOrderEventPublisher.handle(CanonicalOrderEventPublisher.java:18)
at io.cucumber.core.eventbus.AbstractEventPublisher.send(AbstractEventPublisher.java:44)
at io.cucumber.core.eventbus.AbstractEventBus.send(AbstractEventBus.java:12)
at io.cucumber.core.runtime.SynchronizedEventBus.send(SynchronizedEventBus.java:47)
at io.cucumber.core.runtime.CucumberExecutionContext.emitTestRunFinished(CucumberExecutionContext.java:117)
at io.cucumber.core.runtime.CucumberExecutionContext.finishTestRun(CucumberExecutionContext.java:104)
at io.cucumber.testng.TestNGCucumberRunner.finish(TestNGCucumberRunner.java:148)
at io.cucumber.testng.AbstractTestNGCucumberTests.tearDownClass(AbstractTestNGCucumberTests.java:57)
at java.base/jdk.internal.reflect.DirectMethodHandleAccessor.invoke(DirectMethodHandleAccessor.java:103)
at java.base/java.lang.reflect.Method.invoke(Method.java:580)
at org.testng.internal.invokers.MethodInvocationHelper.invokeMethod(MethodInvocationHelper.java:139)
at org.testng.internal.invokers.MethodInvocationHelper.invokeMethodConsideringTimeout(MethodInvocationHelper.java:69)
at org.testng.internal.invokers.ConfigInvoker.invokeConfigurationMethod(ConfigInvoker.java:361)
at org.testng.internal.invokers.ConfigInvoker.invokeConfigurations(ConfigInvoker.java:296)
at org.testng.internal.invokers.TestMethodWorker.invokeAfterClassMethods(TestMethodWorker.java:222)
at org.testng.internal.invokers.TestMethodWorker.run(TestMethodWorker.java:131)
at java.base/java.util.ArrayList.forEach(ArrayList.java:1596)
at org.testng.TestRunner.privateRun(TestRunner.java:829)
at org.testng.TestRunner.run(TestRunner.java:602)
at org.testng.SuiteRunner.runTest(SuiteRunner.java:437)
at org.testng.SuiteRunner.runSequentially(SuiteRunner.java:431)
at org.testng.SuiteRunner.privateRun(SuiteRunner.java:391)
at org.testng.SuiteRunner.run(SuiteRunner.java:330)
at org.testng.SuiteRunnerWorker.runSuite(SuiteRunnerWorker.java:52)
at org.testng.SuiteRunnerWorker.run(SuiteRunnerWorker.java:95)
at org.testng.TestNG.runSuitesSequentially(TestNG.java:1256)
at org.testng.TestNG.runSuitesLocally(TestNG.java:1176)
at org.testng.TestNG.runSuites(TestNG.java:1099)
at org.testng.TestNG.run(TestNG.java:1067)
at org.testng.remote.AbstractRemoteTestNG.run(AbstractRemoteTestNG.java:115)
at org.testng.remote.RemoteTestNG.initAndRun(RemoteTestNG.java:293)
at org.testng.remote.RemoteTestNG.main(RemoteTestNG.java:91)
]]>
            </full-stacktrace>
          </exception> <!-- java.lang.IllegalArgumentException -->
          <reporter-output>
          </reporter-output>
        </test-method> <!-- tearDownClass -->
      </class> <!-- runners.TestRunner -->
    </test> <!-- Default test -->
  </suite> <!-- Default suite -->
</testng-results>
