<?xml version="1.0" encoding="UTF-8"?>
<!-- Generated by org.testng.reporters.JUnitReportReporter -->
<testsuite hostname="DESKTOP-LJ905HE" failures="0" tests="58" name="runners.TestRunner" time="203.628" errors="58" timestamp="2026-08-06T13:48:09 MST" skipped="0">
  <testcase classname="runners.TestRunner" name="runScenario" time="4.968">
    <error message="TODO: implement me" type="io.cucumber.java.PendingException">
      <![CDATA[io.cucumber.java.PendingException: TODO: implement me
at stepDefinitions.ProgramStepDef.admin_is_on_home_page_after_login(ProgramStepDef.java:29)
at ✽.Admin is on home page after Login(file:///C:/Users/gaurav.saini/git/Team02_SeleniumNinjas/src/test/resources/features/program.feature:7)
]]>
    </error>
  </testcase> <!-- runScenario -->
  <system-out/>
  <testcase classname="runners.TestRunner" name="runScenario" time="4.561">
    <error message="TODO: implement me" type="io.cucumber.java.PendingException">
      <![CDATA[io.cucumber.java.PendingException: TODO: implement me
at stepDefinitions.ProgramStepDef.admin_is_on_program_page(ProgramStepDef.java:148)
at ✽.Admin is on Program page(file:///C:/Users/gaurav.saini/git/Team02_SeleniumNinjas/src/test/resources/features/program.feature:103)
]]>
    </error>
  </testcase> <!-- runScenario -->
  <system-out/>
  <testcase classname="runners.TestRunner" name="runScenario" time="3.436">
    <error message="TODO: implement me" type="io.cucumber.java.PendingException">
      <![CDATA[io.cucumber.java.PendingException: TODO: implement me
at stepDefinitions.ProgramStepDef.admin_is_on_program_page(ProgramStepDef.java:148)
at ✽.Admin is on Program page(file:///C:/Users/gaurav.saini/git/Team02_SeleniumNinjas/src/test/resources/features/program.feature:250)
]]>
    </error>
  </testcase> <!-- runScenario -->
  <system-out/>
  <testcase classname="runners.TestRunner" name="runScenario" time="3.617">
    <error message="TODO: implement me" type="io.cucumber.java.PendingException">
      <![CDATA[io.cucumber.java.PendingException: TODO: implement me
at stepDefinitions.ProgramStepDef.admin_is_on_program_page(ProgramStepDef.java:148)
at ✽.Admin is on Program page(file:///C:/Users/gaurav.saini/git/Team02_SeleniumNinjas/src/test/resources/features/program.feature:205)
]]>
    </error>
  </testcase> <!-- runScenario -->
  <system-out/>
  <testcase classname="runners.TestRunner" name="runScenario" time="3.104">
    <error message="TODO: implement me" type="io.cucumber.java.PendingException">
      <![CDATA[io.cucumber.java.PendingException: TODO: implement me
at stepDefinitions.ProgramStepDef.admin_is_on_program_details_dialog_box(ProgramStepDef.java:196)
at ✽.Admin is on Program details dialog box(file:///C:/Users/gaurav.saini/git/Team02_SeleniumNinjas/src/test/resources/features/program.feature:133)
]]>
    </error>
  </testcase> <!-- runScenario -->
  <system-out/>
  <testcase classname="runners.TestRunner" name="runScenario" time="2.765">
    <error message="TODO: implement me" type="io.cucumber.java.PendingException">
      <![CDATA[io.cucumber.java.PendingException: TODO: implement me
at stepDefinitions.ProgramStepDef.admin_is_in_program_page_where_program_status_are_sorted_in_ascending_order(ProgramStepDef.java:502)
at ✽.Admin is in program page where Program status are sorted in ascending order(file:///C:/Users/gaurav.saini/git/Team02_SeleniumNinjas/src/test/resources/features/program.feature:275)
]]>
    </error>
  </testcase> <!-- runScenario -->
  <system-out/>
  <testcase classname="runners.TestRunner" name="runScenario" time="3.896">
    <error message="TODO: implement me" type="io.cucumber.java.PendingException">
      <![CDATA[io.cucumber.java.PendingException: TODO: implement me
at stepDefinitions.ProgramStepDef.admin_is_on_program_page(ProgramStepDef.java:148)
at ✽.Admin is on Program page(file:///C:/Users/gaurav.saini/git/Team02_SeleniumNinjas/src/test/resources/features/program.feature:235)
]]>
    </error>
  </testcase> <!-- runScenario -->
  <system-out/>
  <testcase classname="runners.TestRunner" name="runScenario" time="3.023">
    <error message="TODO: implement me" type="io.cucumber.java.PendingException">
      <![CDATA[io.cucumber.java.PendingException: TODO: implement me
at stepDefinitions.ProgramStepDef.admin_is_on_any_page_except_the_first_page_of_program_table(ProgramStepDef.java:568)
at ✽.Admin is on any page except the first page of Program table(file:///C:/Users/gaurav.saini/git/Team02_SeleniumNinjas/src/test/resources/features/program.feature:295)
]]>
    </error>
  </testcase> <!-- runScenario -->
  <system-out/>
  <testcase classname="runners.TestRunner" name="runScenario" time="3.507">
    <error message="TODO: implement me" type="io.cucumber.java.PendingException">
      <![CDATA[io.cucumber.java.PendingException: TODO: implement me
at stepDefinitions.ProgramStepDef.admin_is_on_program_page(ProgramStepDef.java:148)
at ✽.Admin is on Program page(file:///C:/Users/gaurav.saini/git/Team02_SeleniumNinjas/src/test/resources/features/program.feature:88)
]]>
    </error>
  </testcase> <!-- runScenario -->
  <system-out/>
  <testcase classname="runners.TestRunner" name="runScenario" time="2.942">
    <error message="TODO: implement me" type="io.cucumber.java.PendingException">
      <![CDATA[io.cucumber.java.PendingException: TODO: implement me
at stepDefinitions.ProgramStepDef.admin_is_on_home_page_after_login(ProgramStepDef.java:29)
at ✽.Admin is on home page after Login(file:///C:/Users/gaurav.saini/git/Team02_SeleniumNinjas/src/test/resources/features/program.feature:62)
]]>
    </error>
  </testcase> <!-- runScenario -->
  <system-out/>
  <testcase classname="runners.TestRunner" name="runScenario" time="3.040">
    <error message="TODO: implement me" type="io.cucumber.java.PendingException">
      <![CDATA[io.cucumber.java.PendingException: TODO: implement me
at stepDefinitions.ProgramStepDef.admin_is_on_program_page(ProgramStepDef.java:148)
at ✽.Admin is on Program page(file:///C:/Users/gaurav.saini/git/Team02_SeleniumNinjas/src/test/resources/features/program.feature:108)
]]>
    </error>
  </testcase> <!-- runScenario -->
  <system-out/>
  <testcase classname="runners.TestRunner" name="runScenario" time="3.247">
    <error message="TODO: implement me" type="io.cucumber.java.PendingException">
      <![CDATA[io.cucumber.java.PendingException: TODO: implement me
at stepDefinitions.ProgramStepDef.admin_is_on_program_page_with_multiple_program_records(ProgramStepDef.java:514)
at ✽.Admin is on Program page with multiple program records(file:///C:/Users/gaurav.saini/git/Team02_SeleniumNinjas/src/test/resources/features/program.feature:280)
]]>
    </error>
  </testcase> <!-- runScenario -->
  <system-out/>
  <testcase classname="runners.TestRunner" name="runScenario" time="3.527">
    <error message="TODO: implement me" type="io.cucumber.java.PendingException">
      <![CDATA[io.cucumber.java.PendingException: TODO: implement me
at stepDefinitions.ProgramStepDef.admin_is_on_program_page(ProgramStepDef.java:148)
at ✽.Admin is on Program page(file:///C:/Users/gaurav.saini/git/Team02_SeleniumNinjas/src/test/resources/features/program.feature:240)
]]>
    </error>
  </testcase> <!-- runScenario -->
  <system-out/>
  <testcase classname="runners.TestRunner" name="runScenario" time="3.165">
    <error message="TODO: implement me" type="io.cucumber.java.PendingException">
      <![CDATA[io.cucumber.java.PendingException: TODO: implement me
at stepDefinitions.ProgramStepDef.admin_is_on_program_page(ProgramStepDef.java:148)
at ✽.Admin is on Program page(file:///C:/Users/gaurav.saini/git/Team02_SeleniumNinjas/src/test/resources/features/program.feature:175)
]]>
    </error>
  </testcase> <!-- runScenario -->
  <system-out/>
  <testcase classname="runners.TestRunner" name="runScenario" time="3.032">
    <error message="TODO: implement me" type="io.cucumber.java.PendingException">
      <![CDATA[io.cucumber.java.PendingException: TODO: implement me
at stepDefinitions.ProgramStepDef.admin_is_on_home_page_after_login(ProgramStepDef.java:29)
at ✽.Admin is on home page after Login(file:///C:/Users/gaurav.saini/git/Team02_SeleniumNinjas/src/test/resources/features/program.feature:67)
]]>
    </error>
  </testcase> <!-- runScenario -->
  <system-out/>
  <testcase classname="runners.TestRunner" name="runScenario" time="3.806">
    <error message="TODO: implement me" type="io.cucumber.java.PendingException">
      <![CDATA[io.cucumber.java.PendingException: TODO: implement me
at stepDefinitions.ProgramStepDef.admin_is_on_program_details_dialog_box(ProgramStepDef.java:196)
at ✽.Admin is on Program details dialog box(file:///C:/Users/gaurav.saini/git/Team02_SeleniumNinjas/src/test/resources/features/program.feature:138)
]]>
    </error>
  </testcase> <!-- runScenario -->
  <system-out/>
  <testcase classname="runners.TestRunner" name="runScenario" time="3.005">
    <error message="TODO: implement me" type="io.cucumber.java.PendingException">
      <![CDATA[io.cucumber.java.PendingException: TODO: implement me
at stepDefinitions.ProgramStepDef.admin_is_in_program_page_where_program_names_are_sorted_in_ascending_order(ProgramStepDef.java:454)
at ✽.Admin is in program page where Program names are sorted in ascending order(file:///C:/Users/gaurav.saini/git/Team02_SeleniumNinjas/src/test/resources/features/program.feature:255)
]]>
    </error>
  </testcase> <!-- runScenario -->
  <system-out/>
  <testcase classname="runners.TestRunner" name="tearDownClass" time="0.035">
    <error message="No enum constant com.aventstack.chaintest.domain.Result.PENDING" type="java.lang.IllegalArgumentException">
      <![CDATA[java.lang.IllegalArgumentException: No enum constant com.aventstack.chaintest.domain.Result.PENDING
at java.base/java.lang.Enum.valueOf(Enum.java:293)
at com.aventstack.chaintest.domain.Result.valueOf(Result.java:5)
at com.aventstack.chaintest.domain.Test.complete(Test.java:331)
at com.aventstack.chaintest.domain.Test.complete(Test.java:316)
at com.aventstack.chaintest.plugins.ChainTestCucumberListener.lambda$new$3(ChainTestCucumberListener.java:120)
at io.cucumber.core.eventbus.AbstractEventPublisher.send(AbstractEventPublisher.java:51)
at io.cucumber.core.eventbus.AbstractEventPublisher.sendAll(AbstractEventPublisher.java:36)
at io.cucumber.core.plugin.CanonicalOrderEventPublisher.handle(CanonicalOrderEventPublisher.java:18)
at io.cucumber.core.eventbus.AbstractEventPublisher.send(AbstractEventPublisher.java:44)
at io.cucumber.core.eventbus.AbstractEventBus.send(AbstractEventBus.java:12)
at io.cucumber.core.runtime.SynchronizedEventBus.send(SynchronizedEventBus.java:47)
at io.cucumber.core.runtime.CucumberExecutionContext.emitTestRunFinished(CucumberExecutionContext.java:117)
at io.cucumber.core.runtime.CucumberExecutionContext.finishTestRun(CucumberExecutionContext.java:104)
at io.cucumber.testng.TestNGCucumberRunner.finish(TestNGCucumberRunner.java:148)
at io.cucumber.testng.AbstractTestNGCucumberTests.tearDownClass(AbstractTestNGCucumberTests.java:57)
at java.base/jdk.internal.reflect.DirectMethodHandleAccessor.invoke(DirectMethodHandleAccessor.java:103)
at java.base/java.lang.reflect.Method.invoke(Method.java:580)
at org.testng.internal.invokers.MethodInvocationHelper.invokeMethod(MethodInvocationHelper.java:139)
at org.testng.internal.invokers.MethodInvocationHelper.invokeMethodConsideringTimeout(MethodInvocationHelper.java:69)
at org.testng.internal.invokers.ConfigInvoker.invokeConfigurationMethod(ConfigInvoker.java:361)
at org.testng.internal.invokers.ConfigInvoker.invokeConfigurations(ConfigInvoker.java:296)
at org.testng.internal.invokers.TestMethodWorker.invokeAfterClassMethods(TestMethodWorker.java:222)
at org.testng.internal.invokers.TestMethodWorker.run(TestMethodWorker.java:131)
at java.base/java.util.ArrayList.forEach(ArrayList.java:1596)
at org.testng.TestRunner.privateRun(TestRunner.java:829)
at org.testng.TestRunner.run(TestRunner.java:602)
at org.testng.SuiteRunner.runTest(SuiteRunner.java:437)
at org.testng.SuiteRunner.runSequentially(SuiteRunner.java:431)
at org.testng.SuiteRunner.privateRun(SuiteRunner.java:391)
at org.testng.SuiteRunner.run(SuiteRunner.java:330)
at org.testng.SuiteRunnerWorker.runSuite(SuiteRunnerWorker.java:52)
at org.testng.SuiteRunnerWorker.run(SuiteRunnerWorker.java:95)
at org.testng.TestNG.runSuitesSequentially(TestNG.java:1256)
at org.testng.TestNG.runSuitesLocally(TestNG.java:1176)
at org.testng.TestNG.runSuites(TestNG.java:1099)
at org.testng.TestNG.run(TestNG.java:1067)
at org.testng.remote.AbstractRemoteTestNG.run(AbstractRemoteTestNG.java:115)
at org.testng.remote.RemoteTestNG.initAndRun(RemoteTestNG.java:293)
at org.testng.remote.RemoteTestNG.main(RemoteTestNG.java:91)
]]>
    </error>
  </testcase> <!-- tearDownClass -->
  <system-out/>
  <testcase classname="runners.TestRunner" name="runScenario" time="2.853">
    <error message="TODO: implement me" type="io.cucumber.java.PendingException">
      <![CDATA[io.cucumber.java.PendingException: TODO: implement me
at stepDefinitions.ProgramStepDef.admin_is_on_confirm_deletion_form(ProgramStepDef.java:310)
at ✽.Admin is on Confirm deletion form(file:///C:/Users/gaurav.saini/git/Team02_SeleniumNinjas/src/test/resources/features/program.feature:180)
]]>
    </error>
  </testcase> <!-- runScenario -->
  <system-out/>
  <testcase classname="runners.TestRunner" name="runScenario" time="3.244">
    <error message="TODO: implement me" type="io.cucumber.java.PendingException">
      <![CDATA[io.cucumber.java.PendingException: TODO: implement me
at stepDefinitions.ProgramStepDef.admin_is_on_home_page_after_login(ProgramStepDef.java:29)
at ✽.Admin is on home page after Login(file:///C:/Users/gaurav.saini/git/Team02_SeleniumNinjas/src/test/resources/features/program.feature:75)
]]>
    </error>
  </testcase> <!-- runScenario -->
  <system-out/>
  <testcase classname="runners.TestRunner" name="runScenario" time="3.272">
    <error message="TODO: implement me" type="io.cucumber.java.PendingException">
      <![CDATA[io.cucumber.java.PendingException: TODO: implement me
at stepDefinitions.ProgramStepDef.admin_is_on_program_page(ProgramStepDef.java:148)
at ✽.Admin is on Program page(file:///C:/Users/gaurav.saini/git/Team02_SeleniumNinjas/src/test/resources/features/program.feature:83)
]]>
    </error>
  </testcase> <!-- runScenario -->
  <system-out/>
  <testcase classname="runners.TestRunner" name="runScenario" time="3.324">
    <error message="TODO: implement me" type="io.cucumber.java.PendingException">
      <![CDATA[io.cucumber.java.PendingException: TODO: implement me
at stepDefinitions.ProgramStepDef.admin_is_on_confirmation_form(ProgramStepDef.java:388)
at ✽.Admin is on Confirmation form(file:///C:/Users/gaurav.saini/git/Team02_SeleniumNinjas/src/test/resources/features/program.feature:210)
]]>
    </error>
  </testcase> <!-- runScenario -->
  <system-out/>
  <testcase classname="runners.TestRunner" name="runScenario" time="2.845">
    <error message="TODO: implement me" type="io.cucumber.java.PendingException">
      <![CDATA[io.cucumber.java.PendingException: TODO: implement me
at stepDefinitions.ProgramStepDef.admin_is_on_home_page_after_login(ProgramStepDef.java:29)
at ✽.Admin is on home page after Login(file:///C:/Users/gaurav.saini/git/Team02_SeleniumNinjas/src/test/resources/features/program.feature:302)
]]>
    </error>
  </testcase> <!-- runScenario -->
  <system-out/>
  <testcase classname="runners.TestRunner" name="runScenario" time="3.877">
    <error message="TODO: implement me" type="io.cucumber.java.PendingException">
      <![CDATA[io.cucumber.java.PendingException: TODO: implement me
at stepDefinitions.ProgramStepDef.admin_is_on_program_details_dialog_box(ProgramStepDef.java:196)
at ✽.Admin is on Program details dialog box(file:///C:/Users/gaurav.saini/git/Team02_SeleniumNinjas/src/test/resources/features/program.feature:155)
]]>
    </error>
  </testcase> <!-- runScenario -->
  <system-out/>
  <testcase classname="runners.TestRunner" name="runScenario" time="3.007">
    <error message="TODO: implement me" type="io.cucumber.java.PendingException">
      <![CDATA[io.cucumber.java.PendingException: TODO: implement me
at stepDefinitions.ProgramStepDef.admin_is_on_program_page(ProgramStepDef.java:148)
at ✽.Admin is on Program page(file:///C:/Users/gaurav.saini/git/Team02_SeleniumNinjas/src/test/resources/features/program.feature:185)
]]>
    </error>
  </testcase> <!-- runScenario -->
  <system-out/>
  <testcase classname="runners.TestRunner" name="runScenario" time="3.383">
    <error message="TODO: implement me" type="io.cucumber.java.PendingException">
      <![CDATA[io.cucumber.java.PendingException: TODO: implement me
at stepDefinitions.ProgramStepDef.admin_is_in_program_page_where_program_description_are_sorted_in_ascending_order(ProgramStepDef.java:478)
at ✽.Admin is in program page where Program description are sorted in ascending order(file:///C:/Users/gaurav.saini/git/Team02_SeleniumNinjas/src/test/resources/features/program.feature:265)
]]>
    </error>
  </testcase> <!-- runScenario -->
  <system-out/>
  <testcase classname="runners.TestRunner" name="runScenario" time="3.512">
    <error message="TODO: implement me" type="io.cucumber.java.PendingException">
      <![CDATA[io.cucumber.java.PendingException: TODO: implement me
at stepDefinitions.ProgramStepDef.admin_is_on_program_details_dialog_box(ProgramStepDef.java:196)
at ✽.Admin is on Program details dialog box(file:///C:/Users/gaurav.saini/git/Team02_SeleniumNinjas/src/test/resources/features/program.feature:165)
]]>
    </error>
  </testcase> <!-- runScenario -->
  <system-out/>
  <testcase classname="runners.TestRunner" name="runScenario" time="3.669">
    <error message="TODO: implement me" type="io.cucumber.java.PendingException">
      <![CDATA[io.cucumber.java.PendingException: TODO: implement me
at stepDefinitions.ProgramStepDef.admin_is_on_program_page(ProgramStepDef.java:148)
at ✽.Admin is on Program page(file:///C:/Users/gaurav.saini/git/Team02_SeleniumNinjas/src/test/resources/features/program.feature:98)
]]>
    </error>
  </testcase> <!-- runScenario -->
  <system-out/>
  <testcase classname="runners.TestRunner" name="runScenario" time="3.243">
    <error message="TODO: implement me" type="io.cucumber.java.PendingException">
      <![CDATA[io.cucumber.java.PendingException: TODO: implement me
at stepDefinitions.ProgramStepDef.admin_is_on_program_page(ProgramStepDef.java:148)
at ✽.Admin is on Program page(file:///C:/Users/gaurav.saini/git/Team02_SeleniumNinjas/src/test/resources/features/program.feature:230)
]]>
    </error>
  </testcase> <!-- runScenario -->
  <system-out/>
  <testcase classname="runners.TestRunner" name="runScenario" time="3.368">
    <error message="TODO: implement me" type="io.cucumber.java.PendingException">
      <![CDATA[io.cucumber.java.PendingException: TODO: implement me
at stepDefinitions.ProgramStepDef.admin_is_on_program_page(ProgramStepDef.java:148)
at ✽.Admin is on Program page(file:///C:/Users/gaurav.saini/git/Team02_SeleniumNinjas/src/test/resources/features/program.feature:215)
]]>
    </error>
  </testcase> <!-- runScenario -->
  <system-out/>
  <testcase classname="runners.TestRunner" name="runScenario" time="4.273">
    <error message="TODO: implement me" type="io.cucumber.java.PendingException">
      <![CDATA[io.cucumber.java.PendingException: TODO: implement me
at stepDefinitions.ProgramStepDef.admin_is_on_program_confirm_deletion_page_after_selecting_a_program_to_delete(ProgramStepDef.java:340)
at ✽.Admin is on Program Confirm Deletion Page after selecting a program to delete(file:///C:/Users/gaurav.saini/git/Team02_SeleniumNinjas/src/test/resources/features/program.feature:225)
]]>
    </error>
  </testcase> <!-- runScenario -->
  <system-out/>
  <testcase classname="runners.TestRunner" name="runScenario" time="3.691">
    <error message="TODO: implement me" type="io.cucumber.java.PendingException">
      <![CDATA[io.cucumber.java.PendingException: TODO: implement me
at stepDefinitions.ProgramStepDef.admin_is_on_program_page(ProgramStepDef.java:148)
at ✽.Admin is on Program page(file:///C:/Users/gaurav.saini/git/Team02_SeleniumNinjas/src/test/resources/features/program.feature:270)
]]>
    </error>
  </testcase> <!-- runScenario -->
  <system-out/>
  <testcase classname="runners.TestRunner" name="runScenario" time="2.940">
    <error message="TODO: implement me" type="io.cucumber.java.PendingException">
      <![CDATA[io.cucumber.java.PendingException: TODO: implement me
at stepDefinitions.ProgramStepDef.admin_is_on_program_page(ProgramStepDef.java:148)
at ✽.Admin is on Program page(file:///C:/Users/gaurav.saini/git/Team02_SeleniumNinjas/src/test/resources/features/program.feature:170)
]]>
    </error>
  </testcase> <!-- runScenario -->
  <system-out/>
  <testcase classname="runners.TestRunner" name="runScenario" time="4.738">
    <error message="TODO: implement me" type="io.cucumber.java.PendingException">
      <![CDATA[io.cucumber.java.PendingException: TODO: implement me
at stepDefinitions.ProgramStepDef.admin_is_on_home_page_after_login(ProgramStepDef.java:29)
at ✽.Admin is on home page after Login(file:///C:/Users/gaurav.saini/git/Team02_SeleniumNinjas/src/test/resources/features/program.feature:42)
]]>
    </error>
  </testcase> <!-- runScenario -->
  <system-out/>
  <testcase classname="runners.TestRunner" name="runScenario" time="3.150">
    <error message="TODO: implement me" type="io.cucumber.java.PendingException">
      <![CDATA[io.cucumber.java.PendingException: TODO: implement me
at stepDefinitions.ProgramStepDef.admin_is_on_any_page_except_the_last_page_of_program_table(ProgramStepDef.java:532)
at ✽.Admin is on any page except the last page of Program table(file:///C:/Users/gaurav.saini/git/Team02_SeleniumNinjas/src/test/resources/features/program.feature:285)
]]>
    </error>
  </testcase> <!-- runScenario -->
  <system-out/>
  <testcase classname="runners.TestRunner" name="runScenario" time="3.814">
    <error message="TODO: implement me" type="io.cucumber.java.PendingException">
      <![CDATA[io.cucumber.java.PendingException: TODO: implement me
at stepDefinitions.ProgramStepDef.admin_is_on_program_page(ProgramStepDef.java:148)
at ✽.Admin is on Program page(file:///C:/Users/gaurav.saini/git/Team02_SeleniumNinjas/src/test/resources/features/program.feature:200)
]]>
    </error>
  </testcase> <!-- runScenario -->
  <system-out/>
  <testcase classname="runners.TestRunner" name="runScenario" time="2.985">
    <error message="TODO: implement me" type="io.cucumber.java.PendingException">
      <![CDATA[io.cucumber.java.PendingException: TODO: implement me
at stepDefinitions.ProgramStepDef.admin_is_on_the_program_table_on_any_page_except_the_first_page(ProgramStepDef.java:550)
at ✽.Admin is on the Program table on any page except the first page(file:///C:/Users/gaurav.saini/git/Team02_SeleniumNinjas/src/test/resources/features/program.feature:290)
]]>
    </error>
  </testcase> <!-- runScenario -->
  <system-out/>
  <testcase classname="runners.TestRunner" name="runScenario" time="3.654">
    <error message="TODO: implement me" type="io.cucumber.java.PendingException">
      <![CDATA[io.cucumber.java.PendingException: TODO: implement me
at stepDefinitions.ProgramStepDef.admin_is_on_confirmation_form(ProgramStepDef.java:388)
at ✽.Admin is on Confirmation form(file:///C:/Users/gaurav.saini/git/Team02_SeleniumNinjas/src/test/resources/features/program.feature:220)
]]>
    </error>
  </testcase> <!-- runScenario -->
  <system-out/>
  <testcase classname="runners.TestRunner" name="runScenario" time="3.491">
    <error message="TODO: implement me" type="io.cucumber.java.PendingException">
      <![CDATA[io.cucumber.java.PendingException: TODO: implement me
at stepDefinitions.ProgramStepDef.admin_is_on_program_confirm_deletion_page_after_selecting_a_program_to_delete(ProgramStepDef.java:340)
at ✽.Admin is on Program Confirm Deletion Page after selecting a program to delete(file:///C:/Users/gaurav.saini/git/Team02_SeleniumNinjas/src/test/resources/features/program.feature:190)
]]>
    </error>
  </testcase> <!-- runScenario -->
  <system-out/>
  <testcase classname="runners.TestRunner" name="runScenario" time="2.816">
    <error message="TODO: implement me" type="io.cucumber.java.PendingException">
      <![CDATA[io.cucumber.java.PendingException: TODO: implement me
at stepDefinitions.ProgramStepDef.admin_is_on_program_details_dialog_box(ProgramStepDef.java:196)
at ✽.Admin is on Program details dialog box(file:///C:/Users/gaurav.saini/git/Team02_SeleniumNinjas/src/test/resources/features/program.feature:128)
]]>
    </error>
  </testcase> <!-- runScenario -->
  <system-out/>
  <testcase classname="runners.TestRunner" name="runScenario" time="4.630">
    <error message="TODO: implement me" type="io.cucumber.java.PendingException">
      <![CDATA[io.cucumber.java.PendingException: TODO: implement me
at stepDefinitions.ProgramStepDef.admin_is_on_home_page_after_login(ProgramStepDef.java:29)
at ✽.Admin is on home page after Login(file:///C:/Users/gaurav.saini/git/Team02_SeleniumNinjas/src/test/resources/features/program.feature:22)
]]>
    </error>
  </testcase> <!-- runScenario -->
  <system-out/>
  <testcase classname="runners.TestRunner" name="runScenario" time="4.470">
    <error message="TODO: implement me" type="io.cucumber.java.PendingException">
      <![CDATA[io.cucumber.java.PendingException: TODO: implement me
at stepDefinitions.ProgramStepDef.admin_is_on_home_page_after_login(ProgramStepDef.java:29)
at ✽.Admin is on home page after Login(file:///C:/Users/gaurav.saini/git/Team02_SeleniumNinjas/src/test/resources/features/program.feature:32)
]]>
    </error>
  </testcase> <!-- runScenario -->
  <system-out/>
  <testcase classname="runners.TestRunner" name="runScenario" time="5.230">
    <error message="TODO: implement me" type="io.cucumber.java.PendingException">
      <![CDATA[io.cucumber.java.PendingException: TODO: implement me
at stepDefinitions.ProgramStepDef.admin_is_on_home_page_after_login(ProgramStepDef.java:29)
at ✽.Admin is on home page after Login(file:///C:/Users/gaurav.saini/git/Team02_SeleniumNinjas/src/test/resources/features/program.feature:37)
]]>
    </error>
  </testcase> <!-- runScenario -->
  <system-out/>
  <testcase classname="runners.TestRunner" name="runScenario" time="3.213">
    <error message="TODO: implement me" type="io.cucumber.java.PendingException">
      <![CDATA[io.cucumber.java.PendingException: TODO: implement me
at stepDefinitions.ProgramStepDef.admin_is_on_program_page(ProgramStepDef.java:148)
at ✽.Admin is on Program page(file:///C:/Users/gaurav.saini/git/Team02_SeleniumNinjas/src/test/resources/features/program.feature:260)
]]>
    </error>
  </testcase> <!-- runScenario -->
  <system-out/>
  <testcase classname="runners.TestRunner" name="runScenario" time="3.055">
    <error message="TODO: implement me" type="io.cucumber.java.PendingException">
      <![CDATA[io.cucumber.java.PendingException: TODO: implement me
at stepDefinitions.ProgramStepDef.admin_is_on_home_page_after_login(ProgramStepDef.java:29)
at ✽.Admin is on home page after Login(file:///C:/Users/gaurav.saini/git/Team02_SeleniumNinjas/src/test/resources/features/program.feature:57)
]]>
    </error>
  </testcase> <!-- runScenario -->
  <system-out/>
  <testcase classname="runners.TestRunner" name="runScenario" time="3.330">
    <error message="TODO: implement me" type="io.cucumber.java.PendingException">
      <![CDATA[io.cucumber.java.PendingException: TODO: implement me
at stepDefinitions.ProgramStepDef.admin_is_on_program_details_dialog_box(ProgramStepDef.java:196)
at ✽.Admin is on Program details dialog box(file:///C:/Users/gaurav.saini/git/Team02_SeleniumNinjas/src/test/resources/features/program.feature:123)
]]>
    </error>
  </testcase> <!-- runScenario -->
  <system-out/>
  <testcase classname="runners.TestRunner" name="runScenario" time="4.506">
    <error message="TODO: implement me" type="io.cucumber.java.PendingException">
      <![CDATA[io.cucumber.java.PendingException: TODO: implement me
at stepDefinitions.ProgramStepDef.admin_is_on_home_page_after_login(ProgramStepDef.java:29)
at ✽.Admin is on home page after Login(file:///C:/Users/gaurav.saini/git/Team02_SeleniumNinjas/src/test/resources/features/program.feature:27)
]]>
    </error>
  </testcase> <!-- runScenario -->
  <system-out/>
  <testcase classname="runners.TestRunner" name="runScenario" time="4.943">
    <error message="TODO: implement me" type="io.cucumber.java.PendingException">
      <![CDATA[io.cucumber.java.PendingException: TODO: implement me
at stepDefinitions.ProgramStepDef.admin_is_on_home_page_after_login(ProgramStepDef.java:29)
at ✽.Admin is on home page after Login(file:///C:/Users/gaurav.saini/git/Team02_SeleniumNinjas/src/test/resources/features/program.feature:17)
]]>
    </error>
  </testcase> <!-- runScenario -->
  <system-out/>
  <testcase classname="runners.TestRunner" name="runScenario" time="3.261">
    <error message="TODO: implement me" type="io.cucumber.java.PendingException">
      <![CDATA[io.cucumber.java.PendingException: TODO: implement me
at stepDefinitions.ProgramStepDef.admin_is_on_program_page(ProgramStepDef.java:148)
at ✽.Admin is on Program page(file:///C:/Users/gaurav.saini/git/Team02_SeleniumNinjas/src/test/resources/features/program.feature:150)
]]>
    </error>
  </testcase> <!-- runScenario -->
  <system-out/>
  <testcase classname="runners.TestRunner" name="runScenario" time="3.413">
    <error message="TODO: implement me" type="io.cucumber.java.PendingException">
      <![CDATA[io.cucumber.java.PendingException: TODO: implement me
at stepDefinitions.ProgramStepDef.admin_is_on_program_details_dialog_box(ProgramStepDef.java:196)
at ✽.Admin is on Program details dialog box(file:///C:/Users/gaurav.saini/git/Team02_SeleniumNinjas/src/test/resources/features/program.feature:160)
]]>
    </error>
  </testcase> <!-- runScenario -->
  <system-out/>
  <testcase classname="runners.TestRunner" name="runScenario" time="5.181">
    <error message="TODO: implement me" type="io.cucumber.java.PendingException">
      <![CDATA[io.cucumber.java.PendingException: TODO: implement me
at stepDefinitions.ProgramStepDef.admin_is_on_home_page_after_login(ProgramStepDef.java:29)
at ✽.Admin is on home page after Login(file:///C:/Users/gaurav.saini/git/Team02_SeleniumNinjas/src/test/resources/features/program.feature:12)
]]>
    </error>
  </testcase> <!-- runScenario -->
  <system-out/>
  <testcase classname="runners.TestRunner" name="runScenario" time="3.414">
    <error message="TODO: implement me" type="io.cucumber.java.PendingException">
      <![CDATA[io.cucumber.java.PendingException: TODO: implement me
at stepDefinitions.ProgramStepDef.admin_is_on_program_page(ProgramStepDef.java:148)
at ✽.Admin is on Program page(file:///C:/Users/gaurav.saini/git/Team02_SeleniumNinjas/src/test/resources/features/program.feature:245)
]]>
    </error>
  </testcase> <!-- runScenario -->
  <system-out/>
  <testcase classname="runners.TestRunner" name="runScenario" time="4.568">
    <error message="TODO: implement me" type="io.cucumber.java.PendingException">
      <![CDATA[io.cucumber.java.PendingException: TODO: implement me
at stepDefinitions.ProgramStepDef.admin_is_on_home_page_after_login(ProgramStepDef.java:29)
at ✽.Admin is on home page after Login(file:///C:/Users/gaurav.saini/git/Team02_SeleniumNinjas/src/test/resources/features/program.feature:52)
]]>
    </error>
  </testcase> <!-- runScenario -->
  <system-out/>
  <testcase classname="runners.TestRunner" name="runScenario" time="2.661">
    <error message="TODO: implement me" type="io.cucumber.java.PendingException">
      <![CDATA[io.cucumber.java.PendingException: TODO: implement me
at stepDefinitions.ProgramStepDef.admin_is_on_program_page(ProgramStepDef.java:148)
at ✽.Admin is on Program page(file:///C:/Users/gaurav.saini/git/Team02_SeleniumNinjas/src/test/resources/features/program.feature:93)
]]>
    </error>
  </testcase> <!-- runScenario -->
  <system-out/>
  <testcase classname="runners.TestRunner" name="runScenario" time="3.420">
    <error message="TODO: implement me" type="io.cucumber.java.PendingException">
      <![CDATA[io.cucumber.java.PendingException: TODO: implement me
at stepDefinitions.ProgramStepDef.admin_is_on_program_confirm_deletion_page_after_selecting_a_program_to_delete(ProgramStepDef.java:340)
at ✽.Admin is on Program Confirm Deletion Page after selecting a program to delete(file:///C:/Users/gaurav.saini/git/Team02_SeleniumNinjas/src/test/resources/features/program.feature:195)
]]>
    </error>
  </testcase> <!-- runScenario -->
  <system-out/>
  <testcase classname="runners.TestRunner" name="runScenario" time="3.313">
    <error message="TODO: implement me" type="io.cucumber.java.PendingException">
      <![CDATA[io.cucumber.java.PendingException: TODO: implement me
at stepDefinitions.ProgramStepDef.admin_is_on_program_page(ProgramStepDef.java:148)
at ✽.Admin is on Program page(file:///C:/Users/gaurav.saini/git/Team02_SeleniumNinjas/src/test/resources/features/program.feature:145)
]]>
    </error>
  </testcase> <!-- runScenario -->
  <system-out/>
  <testcase classname="runners.TestRunner" name="runScenario" time="2.519">
    <error message="TODO: implement me" type="io.cucumber.java.PendingException">
      <![CDATA[io.cucumber.java.PendingException: TODO: implement me
at stepDefinitions.ProgramStepDef.admin_is_on_home_page_after_login(ProgramStepDef.java:29)
at ✽.Admin is on home page after Login(file:///C:/Users/gaurav.saini/git/Team02_SeleniumNinjas/src/test/resources/features/program.feature:309)
]]>
    </error>
  </testcase> <!-- runScenario -->
  <system-out/>
  <testcase classname="runners.TestRunner" name="runScenario" time="4.676">
    <error message="TODO: implement me" type="io.cucumber.java.PendingException">
      <![CDATA[io.cucumber.java.PendingException: TODO: implement me
at stepDefinitions.ProgramStepDef.admin_is_on_home_page_after_login(ProgramStepDef.java:29)
at ✽.Admin is on home page after Login(file:///C:/Users/gaurav.saini/git/Team02_SeleniumNinjas/src/test/resources/features/program.feature:47)
]]>
    </error>
  </testcase> <!-- runScenario -->
  <system-out/>
</testsuite> <!-- runners.TestRunner -->
